TN:
SF:js/ai-assistant-history.js
FN:11,updateAiAssistantHistorySelection
FN:31,(anonymous_1)
FN:68,toggleAnalysisSelection
FN:82,updateSelectedAnalysisCount
FN:92,refreshAiAssistantHistory
FN:103,getSelectedAnalysisContext
FN:168,(anonymous_6)
FN:187,createAiPromptWithContext
FN:200,clearAllSelections
FN:209,removeAnalysisFromSelection
FN:215,(anonymous_10)
FN:217,(anonymous_11)
FN:228,(anonymous_12)
FNF:13
FNH:0
FNDA:0,updateAiAssistantHistorySelection
FNDA:0,(anonymous_1)
FNDA:0,toggleAnalysisSelection
FNDA:0,updateSelectedAnalysisCount
FNDA:0,refreshAiAssistantHistory
FNDA:0,getSelectedAnalysisContext
FNDA:0,(anonymous_6)
FNDA:0,createAiPromptWithContext
FNDA:0,clearAllSelections
FNDA:0,removeAnalysisFromSelection
FNDA:0,(anonymous_10)
FNDA:0,(anonymous_11)
FNDA:0,(anonymous_12)
DA:6,0
DA:12,0
DA:13,0
DA:14,0
DA:16,0
DA:17,0
DA:20,0
DA:22,0
DA:23,0
DA:24,0
DA:26,0
DA:29,0
DA:31,0
DA:57,0
DA:60,0
DA:69,0
DA:70,0
DA:72,0
DA:75,0
DA:76,0
DA:83,0
DA:84,0
DA:85,0
DA:93,0
DA:94,0
DA:95,0
DA:104,0
DA:105,0
DA:106,0
DA:109,0
DA:111,0
DA:112,0
DA:113,0
DA:115,0
DA:153,0
DA:154,0
DA:157,0
DA:161,0
DA:162,0
DA:165,0
DA:168,0
DA:177,0
DA:178,0
DA:188,0
DA:190,0
DA:191,0
DA:193,0
DA:201,0
DA:202,0
DA:210,0
DA:211,0
DA:215,0
DA:217,0
DA:218,0
DA:223,0
DA:224,0
DA:229,0
DA:238,0
DA:239,0
DA:240,0
DA:243,0
LF:61
LH:0
BRDA:16,0,0,0
BRDA:16,0,1,0
BRDA:16,1,0,0
BRDA:16,1,1,0
BRDA:20,2,0,0
BRDA:20,2,1,0
BRDA:22,3,0,0
BRDA:22,3,1,0
BRDA:38,4,0,0
BRDA:38,4,1,0
BRDA:69,5,0,0
BRDA:69,5,1,0
BRDA:84,6,0,0
BRDA:84,6,1,0
BRDA:94,7,0,0
BRDA:94,7,1,0
BRDA:105,8,0,0
BRDA:105,8,1,0
BRDA:112,9,0,0
BRDA:112,9,1,0
BRDA:113,10,0,0
BRDA:113,10,1,0
BRDA:153,11,0,0
BRDA:153,11,1,0
BRDA:161,12,0,0
BRDA:161,12,1,0
BRDA:190,13,0,0
BRDA:190,13,1,0
BRDA:223,14,0,0
BRDA:223,14,1,0
BRF:30
BRH:0
end_of_record
TN:
SF:js/ai-assistant.js
FN:8,initializeAiAssistant
FN:20,(anonymous_1)
FN:41,handleDashboardChatSubmit
FN:88,generateDashboardChatResponse
FN:139,prepareChatPrompt
FN:188,prepareChatPromptWithContext
FN:231,generateAiResponse
FN:287,prepareAiPrompt
FN:332,prepareAiPromptWithContext
FN:377,generateMockResponse
FN:406,getCurrentFieldData
FN:418,getLatestAnalysisData
FN:424,addQuestionAnswerPair
FN:460,showLoading
FN:472,saveQuestionHistory
FN:483,loadQuestionHistory
FN:490,(anonymous_16)
FN:501,showDashboardUserMessage
FN:527,showDashboardAiMessage
FN:553,showDashboardThinkingMessage
FN:587,removeDashboardThinkingMessage
FN:597,clearDashboardChat
FN:624,generateMockChatResponse
FN:726,formatMessageText
FN:748,escapeHtml
FNF:25
FNH:0
FNDA:0,initializeAiAssistant
FNDA:0,(anonymous_1)
FNDA:0,handleDashboardChatSubmit
FNDA:0,generateDashboardChatResponse
FNDA:0,prepareChatPrompt
FNDA:0,prepareChatPromptWithContext
FNDA:0,generateAiResponse
FNDA:0,prepareAiPrompt
FNDA:0,prepareAiPromptWithContext
FNDA:0,generateMockResponse
FNDA:0,getCurrentFieldData
FNDA:0,getLatestAnalysisData
FNDA:0,addQuestionAnswerPair
FNDA:0,showLoading
FNDA:0,saveQuestionHistory
FNDA:0,loadQuestionHistory
FNDA:0,(anonymous_16)
FNDA:0,showDashboardUserMessage
FNDA:0,showDashboardAiMessage
FNDA:0,showDashboardThinkingMessage
FNDA:0,removeDashboardThinkingMessage
FNDA:0,clearDashboardChat
FNDA:0,generateMockChatResponse
FNDA:0,formatMessageText
FNDA:0,escapeHtml
DA:5,0
DA:9,0
DA:12,0
DA:13,0
DA:14,0
DA:18,0
DA:19,0
DA:20,0
DA:21,0
DA:22,0
DA:23,0
DA:29,0
DA:30,0
DA:31,0
DA:35,0
DA:37,0
DA:42,0
DA:43,0
DA:45,0
DA:48,0
DA:51,0
DA:54,0
DA:56,0
DA:58,0
DA:61,0
DA:62,0
DA:65,0
DA:68,0
DA:71,0
DA:74,0
DA:75,0
DA:77,0
DA:80,0
DA:83,0
DA:89,0
DA:91,0
DA:92,0
DA:95,0
DA:100,0
DA:101,0
DA:104,0
DA:115,0
DA:117,0
DA:118,0
DA:119,0
DA:120,0
DA:121,0
DA:122,0
DA:124,0
DA:125,0
DA:128,0
DA:129,0
DA:132,0
DA:134,0
DA:140,0
DA:149,0
DA:150,0
DA:156,0
DA:160,0
DA:161,0
DA:162,0
DA:175,0
DA:179,0
DA:182,0
DA:184,0
DA:189,0
DA:197,0
DA:198,0
DA:204,0
DA:208,0
DA:209,0
DA:210,0
DA:218,0
DA:222,0
DA:225,0
DA:227,0
DA:232,0
DA:233,0
DA:236,0
DA:237,0
DA:239,0
DA:241,0
DA:245,0
DA:248,0
DA:249,0
DA:252,0
DA:263,0
DA:265,0
DA:266,0
DA:267,0
DA:268,0
DA:269,0
DA:270,0
DA:272,0
DA:273,0
DA:276,0
DA:277,0
DA:280,0
DA:282,0
DA:288,0
DA:291,0
DA:292,0
DA:293,0
DA:294,0
DA:295,0
DA:296,0
DA:300,0
DA:301,0
DA:303,0
DA:304,0
DA:307,0
DA:308,0
DA:311,0
DA:312,0
DA:315,0
DA:316,0
DA:319,0
DA:323,0
DA:326,0
DA:328,0
DA:333,0
DA:336,0
DA:337,0
DA:338,0
DA:339,0
DA:340,0
DA:341,0
DA:345,0
DA:346,0
DA:348,0
DA:349,0
DA:352,0
DA:353,0
DA:356,0
DA:357,0
DA:360,0
DA:361,0
DA:364,0
DA:368,0
DA:371,0
DA:373,0
DA:379,0
DA:381,0
DA:382,0
DA:385,0
DA:386,0
DA:389,0
DA:390,0
DA:393,0
DA:394,0
DA:397,0
DA:398,0
DA:402,0
DA:409,0
DA:410,0
DA:414,0
DA:420,0
DA:425,0
DA:426,0
DA:428,0
DA:429,0
DA:430,0
DA:434,0
DA:435,0
DA:436,0
DA:439,0
DA:440,0
DA:442,0
DA:443,0
DA:444,0
DA:448,0
DA:449,0
DA:450,0
DA:452,0
DA:456,0
DA:461,0
DA:462,0
DA:463,0
DA:464,0
DA:466,0
DA:473,0
DA:475,0
DA:476,0
DA:478,0
DA:484,0
DA:485,0
DA:486,0
DA:487,0
DA:490,0
DA:491,0
DA:495,0
DA:496,0
DA:502,0
DA:503,0
DA:505,0
DA:506,0
DA:507,0
DA:520,0
DA:523,0
DA:528,0
DA:529,0
DA:531,0
DA:532,0
DA:533,0
DA:546,0
DA:549,0
DA:554,0
DA:555,0
DA:557,0
DA:558,0
DA:559,0
DA:560,0
DA:561,0
DA:578,0
DA:581,0
DA:583,0
DA:588,0
DA:590,0
DA:591,0
DA:592,0
DA:598,0
DA:599,0
DA:600,0
DA:601,0
DA:602,0
DA:604,0
DA:605,0
DA:606,0
DA:618,0
DA:620,0
DA:626,0
DA:629,0
DA:630,0
DA:631,0
DA:632,0
DA:634,0
DA:635,0
DA:636,0
DA:637,0
DA:639,0
DA:642,0
DA:644,0
DA:649,0
DA:650,0
DA:651,0
DA:652,0
DA:654,0
DA:655,0
DA:656,0
DA:657,0
DA:659,0
DA:662,0
DA:664,0
DA:669,0
DA:670,0
DA:671,0
DA:672,0
DA:674,0
DA:675,0
DA:676,0
DA:677,0
DA:679,0
DA:682,0
DA:684,0
DA:689,0
DA:690,0
DA:691,0
DA:692,0
DA:693,0
DA:695,0
DA:696,0
DA:697,0
DA:698,0
DA:699,0
DA:701,0
DA:704,0
DA:706,0
DA:711,0
DA:712,0
DA:713,0
DA:715,0
DA:721,0
DA:727,0
DA:730,0
DA:733,0
DA:736,0
DA:739,0
DA:742,0
DA:744,0
DA:749,0
DA:750,0
DA:751,0
DA:755,0
LF:293
LH:0
BRDA:13,0,0,0
BRDA:13,0,1,0
BRDA:19,1,0,0
BRDA:19,1,1,0
BRDA:21,2,0,0
BRDA:21,2,1,0
BRDA:21,3,0,0
BRDA:21,3,1,0
BRDA:30,4,0,0
BRDA:30,4,1,0
BRDA:45,5,0,0
BRDA:45,5,1,0
BRDA:58,6,0,0
BRDA:58,6,1,0
BRDA:62,7,0,0
BRDA:62,7,1,0
BRDA:88,8,0,0
BRDA:95,9,0,0
BRDA:95,9,1,0
BRDA:100,10,0,0
BRDA:100,10,1,0
BRDA:100,11,0,0
BRDA:100,11,1,0
BRDA:111,12,0,0
BRDA:111,12,1,0
BRDA:117,13,0,0
BRDA:117,13,1,0
BRDA:117,14,0,0
BRDA:117,14,1,0
BRDA:117,14,2,0
BRDA:120,15,0,0
BRDA:120,15,1,0
BRDA:120,16,0,0
BRDA:120,16,1,0
BRDA:149,17,0,0
BRDA:149,17,1,0
BRDA:151,18,0,0
BRDA:151,18,1,0
BRDA:152,19,0,0
BRDA:152,19,1,0
BRDA:153,20,0,0
BRDA:153,20,1,0
BRDA:160,21,0,0
BRDA:160,21,1,0
BRDA:160,22,0,0
BRDA:160,22,1,0
BRDA:167,23,0,0
BRDA:167,23,1,0
BRDA:197,24,0,0
BRDA:197,24,1,0
BRDA:199,25,0,0
BRDA:199,25,1,0
BRDA:200,26,0,0
BRDA:200,26,1,0
BRDA:201,27,0,0
BRDA:201,27,1,0
BRDA:208,28,0,0
BRDA:208,28,1,0
BRDA:208,29,0,0
BRDA:208,29,1,0
BRDA:215,30,0,0
BRDA:215,30,1,0
BRDA:231,31,0,0
BRDA:241,32,0,0
BRDA:241,32,1,0
BRDA:248,33,0,0
BRDA:248,33,1,0
BRDA:248,34,0,0
BRDA:248,34,1,0
BRDA:259,35,0,0
BRDA:259,35,1,0
BRDA:265,36,0,0
BRDA:265,36,1,0
BRDA:265,37,0,0
BRDA:265,37,1,0
BRDA:265,37,2,0
BRDA:268,38,0,0
BRDA:268,38,1,0
BRDA:268,39,0,0
BRDA:268,39,1,0
BRDA:291,40,0,0
BRDA:291,40,1,0
BRDA:293,41,0,0
BRDA:293,41,1,0
BRDA:294,42,0,0
BRDA:294,42,1,0
BRDA:294,43,0,0
BRDA:294,43,1,0
BRDA:295,44,0,0
BRDA:295,44,1,0
BRDA:296,45,0,0
BRDA:296,45,1,0
BRDA:300,46,0,0
BRDA:300,46,1,0
BRDA:303,47,0,0
BRDA:303,47,1,0
BRDA:304,48,0,0
BRDA:304,48,1,0
BRDA:304,49,0,0
BRDA:304,49,1,0
BRDA:304,50,0,0
BRDA:304,50,1,0
BRDA:307,51,0,0
BRDA:307,51,1,0
BRDA:308,52,0,0
BRDA:308,52,1,0
BRDA:308,53,0,0
BRDA:308,53,1,0
BRDA:308,54,0,0
BRDA:308,54,1,0
BRDA:311,55,0,0
BRDA:311,55,1,0
BRDA:312,56,0,0
BRDA:312,56,1,0
BRDA:312,57,0,0
BRDA:312,57,1,0
BRDA:312,58,0,0
BRDA:312,58,1,0
BRDA:315,59,0,0
BRDA:315,59,1,0
BRDA:336,60,0,0
BRDA:336,60,1,0
BRDA:338,61,0,0
BRDA:338,61,1,0
BRDA:339,62,0,0
BRDA:339,62,1,0
BRDA:339,63,0,0
BRDA:339,63,1,0
BRDA:340,64,0,0
BRDA:340,64,1,0
BRDA:341,65,0,0
BRDA:341,65,1,0
BRDA:345,66,0,0
BRDA:345,66,1,0
BRDA:348,67,0,0
BRDA:348,67,1,0
BRDA:349,68,0,0
BRDA:349,68,1,0
BRDA:349,69,0,0
BRDA:349,69,1,0
BRDA:349,70,0,0
BRDA:349,70,1,0
BRDA:352,71,0,0
BRDA:352,71,1,0
BRDA:353,72,0,0
BRDA:353,72,1,0
BRDA:353,73,0,0
BRDA:353,73,1,0
BRDA:353,74,0,0
BRDA:353,74,1,0
BRDA:356,75,0,0
BRDA:356,75,1,0
BRDA:357,76,0,0
BRDA:357,76,1,0
BRDA:357,77,0,0
BRDA:357,77,1,0
BRDA:357,78,0,0
BRDA:357,78,1,0
BRDA:360,79,0,0
BRDA:360,79,1,0
BRDA:381,80,0,0
BRDA:381,80,1,0
BRDA:381,81,0,0
BRDA:381,81,1,0
BRDA:385,82,0,0
BRDA:385,82,1,0
BRDA:385,83,0,0
BRDA:385,83,1,0
BRDA:385,83,2,0
BRDA:389,84,0,0
BRDA:389,84,1,0
BRDA:389,85,0,0
BRDA:389,85,1,0
BRDA:393,86,0,0
BRDA:393,86,1,0
BRDA:393,87,0,0
BRDA:393,87,1,0
BRDA:397,88,0,0
BRDA:397,88,1,0
BRDA:397,89,0,0
BRDA:397,89,1,0
BRDA:409,90,0,0
BRDA:409,90,1,0
BRDA:409,91,0,0
BRDA:409,91,1,0
BRDA:420,92,0,0
BRDA:420,92,1,0
BRDA:428,93,0,0
BRDA:428,93,1,0
BRDA:428,94,0,0
BRDA:428,94,1,0
BRDA:442,95,0,0
BRDA:442,95,1,0
BRDA:442,96,0,0
BRDA:442,96,1,0
BRDA:449,97,0,0
BRDA:449,97,1,0
BRDA:462,98,0,0
BRDA:462,98,1,0
BRDA:463,99,0,0
BRDA:463,99,1,0
BRDA:486,100,0,0
BRDA:486,100,1,0
BRDA:503,101,0,0
BRDA:503,101,1,0
BRDA:529,102,0,0
BRDA:529,102,1,0
BRDA:555,103,0,0
BRDA:555,103,1,0
BRDA:588,104,0,0
BRDA:588,104,1,0
BRDA:591,105,0,0
BRDA:591,105,1,0
BRDA:601,106,0,0
BRDA:601,106,1,0
BRDA:629,107,0,0
BRDA:629,107,1,0
BRDA:629,108,0,0
BRDA:629,108,1,0
BRDA:629,108,2,0
BRDA:630,109,0,0
BRDA:630,109,1,0
BRDA:630,110,0,0
BRDA:630,110,1,0
BRDA:630,110,2,0
BRDA:634,111,0,0
BRDA:634,111,1,0
BRDA:636,112,0,0
BRDA:636,112,1,0
BRDA:649,113,0,0
BRDA:649,113,1,0
BRDA:649,114,0,0
BRDA:649,114,1,0
BRDA:649,114,2,0
BRDA:649,114,3,0
BRDA:650,115,0,0
BRDA:650,115,1,0
BRDA:650,116,0,0
BRDA:650,116,1,0
BRDA:650,116,2,0
BRDA:654,117,0,0
BRDA:654,117,1,0
BRDA:656,118,0,0
BRDA:656,118,1,0
BRDA:669,119,0,0
BRDA:669,119,1,0
BRDA:669,120,0,0
BRDA:669,120,1,0
BRDA:669,120,2,0
BRDA:669,120,3,0
BRDA:670,121,0,0
BRDA:670,121,1,0
BRDA:670,122,0,0
BRDA:670,122,1,0
BRDA:670,122,2,0
BRDA:674,123,0,0
BRDA:674,123,1,0
BRDA:676,124,0,0
BRDA:676,124,1,0
BRDA:689,125,0,0
BRDA:689,125,1,0
BRDA:689,126,0,0
BRDA:689,126,1,0
BRDA:689,126,2,0
BRDA:689,126,3,0
BRDA:689,126,4,0
BRDA:690,127,0,0
BRDA:690,127,1,0
BRDA:690,128,0,0
BRDA:690,128,1,0
BRDA:696,129,0,0
BRDA:696,129,1,0
BRDA:696,130,0,0
BRDA:696,130,1,0
BRDA:696,130,2,0
BRDA:698,131,0,0
BRDA:698,131,1,0
BRDA:698,132,0,0
BRDA:698,132,1,0
BRDA:698,132,2,0
BRDA:711,133,0,0
BRDA:711,133,1,0
BRDA:711,134,0,0
BRDA:711,134,1,0
BRDA:711,134,2,0
BRDA:711,134,3,0
BRDA:711,134,4,0
BRDA:712,135,0,0
BRDA:712,135,1,0
BRDA:712,136,0,0
BRDA:712,136,1,0
BRDA:727,137,0,0
BRDA:727,137,1,0
BRF:293
BRH:0
end_of_record
TN:
SF:js/ai-chat.js
FN:7,initializeAiChat
FN:27,(anonymous_1)
FN:40,toggleChatPanel
FN:65,showPanel
FN:84,hidePanel
FN:91,closePanel
FN:113,handleChatSubmit
FN:149,generateAiResponse
FN:179,prepareAiPrompt
FN:228,fetchGeminiChatResponse
FN:236,(anonymous_10)
FN:287,generateMockChatResponse
FN:389,showUserMessage
FN:415,showAiMessage
FN:441,showThinkingMessage
FN:475,removeThinkingMessage
FN:485,updateChatHistory
FN:496,clearChat
FN:505,(anonymous_18)
FN:512,getCurrentFieldData
FN:521,getLatestAnalysisData
FN:530,formatMessageText
FN:552,escapeHtml
FNF:23
FNH:0
FNDA:0,initializeAiChat
FNDA:0,(anonymous_1)
FNDA:0,toggleChatPanel
FNDA:0,showPanel
FNDA:0,hidePanel
FNDA:0,closePanel
FNDA:0,handleChatSubmit
FNDA:0,generateAiResponse
FNDA:0,prepareAiPrompt
FNDA:0,fetchGeminiChatResponse
FNDA:0,(anonymous_10)
FNDA:0,generateMockChatResponse
FNDA:0,showUserMessage
FNDA:0,showAiMessage
FNDA:0,showThinkingMessage
FNDA:0,removeThinkingMessage
FNDA:0,updateChatHistory
FNDA:0,clearChat
FNDA:0,(anonymous_18)
FNDA:0,getCurrentFieldData
FNDA:0,getLatestAnalysisData
FNDA:0,formatMessageText
FNDA:0,escapeHtml
DA:4,0
DA:9,0
DA:10,0
DA:13,0
DA:14,0
DA:15,0
DA:19,0
DA:20,0
DA:21,0
DA:25,0
DA:26,0
DA:27,0
DA:28,0
DA:29,0
DA:30,0
DA:36,0
DA:41,0
DA:43,0
DA:44,0
DA:46,0
DA:48,0
DA:49,0
DA:50,0
DA:52,0
DA:54,0
DA:57,0
DA:60,0
DA:66,0
DA:67,0
DA:68,0
DA:71,0
DA:72,0
DA:73,0
DA:77,0
DA:78,0
DA:79,0
DA:85,0
DA:86,0
DA:87,0
DA:92,0
DA:94,0
DA:95,0
DA:96,0
DA:98,0
DA:101,0
DA:102,0
DA:103,0
DA:106,0
DA:108,0
DA:114,0
DA:115,0
DA:117,0
DA:120,0
DA:123,0
DA:126,0
DA:128,0
DA:130,0
DA:133,0
DA:136,0
DA:138,0
DA:141,0
DA:144,0
DA:150,0
DA:152,0
DA:153,0
DA:156,0
DA:159,0
DA:160,0
DA:161,0
DA:162,0
DA:166,0
DA:169,0
DA:171,0
DA:173,0
DA:174,0
DA:180,0
DA:189,0
DA:190,0
DA:196,0
DA:200,0
DA:201,0
DA:202,0
DA:215,0
DA:219,0
DA:222,0
DA:224,0
DA:230,0
DA:233,0
DA:236,0
DA:242,0
DA:247,0
DA:257,0
DA:265,0
DA:266,0
DA:267,0
DA:270,0
DA:273,0
DA:280,0
DA:283,0
DA:289,0
DA:292,0
DA:293,0
DA:294,0
DA:295,0
DA:297,0
DA:298,0
DA:299,0
DA:300,0
DA:302,0
DA:305,0
DA:307,0
DA:312,0
DA:313,0
DA:314,0
DA:315,0
DA:317,0
DA:318,0
DA:319,0
DA:320,0
DA:322,0
DA:325,0
DA:327,0
DA:332,0
DA:333,0
DA:334,0
DA:335,0
DA:337,0
DA:338,0
DA:339,0
DA:340,0
DA:342,0
DA:345,0
DA:347,0
DA:352,0
DA:353,0
DA:354,0
DA:355,0
DA:356,0
DA:358,0
DA:359,0
DA:360,0
DA:361,0
DA:362,0
DA:364,0
DA:367,0
DA:369,0
DA:374,0
DA:375,0
DA:376,0
DA:378,0
DA:384,0
DA:390,0
DA:391,0
DA:393,0
DA:394,0
DA:395,0
DA:408,0
DA:411,0
DA:416,0
DA:417,0
DA:419,0
DA:420,0
DA:421,0
DA:434,0
DA:437,0
DA:442,0
DA:443,0
DA:445,0
DA:446,0
DA:447,0
DA:448,0
DA:449,0
DA:466,0
DA:469,0
DA:471,0
DA:476,0
DA:478,0
DA:479,0
DA:480,0
DA:486,0
DA:487,0
DA:490,0
DA:491,0
DA:497,0
DA:498,0
DA:499,0
DA:500,0
DA:501,0
DA:503,0
DA:505,0
DA:506,0
DA:514,0
DA:515,0
DA:517,0
DA:523,0
DA:524,0
DA:526,0
DA:531,0
DA:534,0
DA:537,0
DA:540,0
DA:543,0
DA:546,0
DA:548,0
DA:553,0
DA:554,0
DA:555,0
DA:559,0
LF:208
LH:0
BRDA:10,0,0,0
BRDA:10,0,1,0
BRDA:14,1,0,0
BRDA:14,1,1,0
BRDA:20,2,0,0
BRDA:20,2,1,0
BRDA:26,3,0,0
BRDA:26,3,1,0
BRDA:28,4,0,0
BRDA:28,4,1,0
BRDA:28,5,0,0
BRDA:28,5,1,0
BRDA:48,6,0,0
BRDA:48,6,1,0
BRDA:52,7,0,0
BRDA:52,7,1,0
BRDA:72,8,0,0
BRDA:72,8,1,0
BRDA:78,9,0,0
BRDA:78,9,1,0
BRDA:95,10,0,0
BRDA:95,10,1,0
BRDA:102,11,0,0
BRDA:102,11,1,0
BRDA:117,12,0,0
BRDA:117,12,1,0
BRDA:160,13,0,0
BRDA:160,13,1,0
BRDA:189,14,0,0
BRDA:189,14,1,0
BRDA:191,15,0,0
BRDA:191,15,1,0
BRDA:192,16,0,0
BRDA:192,16,1,0
BRDA:193,17,0,0
BRDA:193,17,1,0
BRDA:200,18,0,0
BRDA:200,18,1,0
BRDA:200,19,0,0
BRDA:200,19,1,0
BRDA:207,20,0,0
BRDA:207,20,1,0
BRDA:265,21,0,0
BRDA:265,21,1,0
BRDA:273,22,0,0
BRDA:273,22,1,0
BRDA:273,23,0,0
BRDA:273,23,1,0
BRDA:273,23,2,0
BRDA:273,23,3,0
BRDA:273,23,4,0
BRDA:273,23,5,0
BRDA:292,24,0,0
BRDA:292,24,1,0
BRDA:292,25,0,0
BRDA:292,25,1,0
BRDA:292,25,2,0
BRDA:293,26,0,0
BRDA:293,26,1,0
BRDA:293,27,0,0
BRDA:293,27,1,0
BRDA:293,27,2,0
BRDA:297,28,0,0
BRDA:297,28,1,0
BRDA:299,29,0,0
BRDA:299,29,1,0
BRDA:312,30,0,0
BRDA:312,30,1,0
BRDA:312,31,0,0
BRDA:312,31,1,0
BRDA:312,31,2,0
BRDA:312,31,3,0
BRDA:313,32,0,0
BRDA:313,32,1,0
BRDA:313,33,0,0
BRDA:313,33,1,0
BRDA:313,33,2,0
BRDA:317,34,0,0
BRDA:317,34,1,0
BRDA:319,35,0,0
BRDA:319,35,1,0
BRDA:332,36,0,0
BRDA:332,36,1,0
BRDA:332,37,0,0
BRDA:332,37,1,0
BRDA:332,37,2,0
BRDA:332,37,3,0
BRDA:333,38,0,0
BRDA:333,38,1,0
BRDA:333,39,0,0
BRDA:333,39,1,0
BRDA:333,39,2,0
BRDA:337,40,0,0
BRDA:337,40,1,0
BRDA:339,41,0,0
BRDA:339,41,1,0
BRDA:352,42,0,0
BRDA:352,42,1,0
BRDA:352,43,0,0
BRDA:352,43,1,0
BRDA:352,43,2,0
BRDA:352,43,3,0
BRDA:352,43,4,0
BRDA:353,44,0,0
BRDA:353,44,1,0
BRDA:353,45,0,0
BRDA:353,45,1,0
BRDA:359,46,0,0
BRDA:359,46,1,0
BRDA:359,47,0,0
BRDA:359,47,1,0
BRDA:359,47,2,0
BRDA:361,48,0,0
BRDA:361,48,1,0
BRDA:361,49,0,0
BRDA:361,49,1,0
BRDA:361,49,2,0
BRDA:374,50,0,0
BRDA:374,50,1,0
BRDA:374,51,0,0
BRDA:374,51,1,0
BRDA:374,51,2,0
BRDA:374,51,3,0
BRDA:374,51,4,0
BRDA:375,52,0,0
BRDA:375,52,1,0
BRDA:375,53,0,0
BRDA:375,53,1,0
BRDA:391,54,0,0
BRDA:391,54,1,0
BRDA:417,55,0,0
BRDA:417,55,1,0
BRDA:443,56,0,0
BRDA:443,56,1,0
BRDA:476,57,0,0
BRDA:476,57,1,0
BRDA:479,58,0,0
BRDA:479,58,1,0
BRDA:490,59,0,0
BRDA:490,59,1,0
BRDA:500,60,0,0
BRDA:500,60,1,0
BRDA:514,61,0,0
BRDA:514,61,1,0
BRDA:514,62,0,0
BRDA:514,62,1,0
BRDA:523,63,0,0
BRDA:523,63,1,0
BRDA:531,64,0,0
BRDA:531,64,1,0
BRF:150
BRH:0
end_of_record
TN:
SF:js/analysis-storage.js
FN:22,saveAnalysisResult
FN:116,getStoredAnalysisResults
FN:131,getAnalysisResultById
FN:133,(anonymous_3)
FN:140,updateAnalysisHistory
FN:173,getAnalysisHistory
FN:189,generateAnalysisId
FN:201,evaluateFieldHealthForStorage
FN:222,(anonymous_8)
FN:223,(anonymous_9)
FN:248,evaluateIndexStatus
FN:293,getStatusValue
FN:307,deleteAnalysisResult
FN:310,(anonymous_13)
FN:317,(anonymous_14)
FN:335,clearAllAnalysisResults
FN:351,exportAnalysisResults
FN:403,getAnalysisStatistics
FN:421,(anonymous_18)
FNF:19
FNH:0
FNDA:0,saveAnalysisResult
FNDA:0,getStoredAnalysisResults
FNDA:0,getAnalysisResultById
FNDA:0,(anonymous_3)
FNDA:0,updateAnalysisHistory
FNDA:0,getAnalysisHistory
FNDA:0,generateAnalysisId
FNDA:0,evaluateFieldHealthForStorage
FNDA:0,(anonymous_8)
FNDA:0,(anonymous_9)
FNDA:0,evaluateIndexStatus
FNDA:0,getStatusValue
FNDA:0,deleteAnalysisResult
FNDA:0,(anonymous_13)
FNDA:0,(anonymous_14)
FNDA:0,clearAllAnalysisResults
FNDA:0,exportAnalysisResults
FNDA:0,getAnalysisStatistics
FNDA:0,(anonymous_18)
DA:7,0
DA:14,0
DA:23,0
DA:24,0
DA:25,0
DA:28,0
DA:78,0
DA:81,0
DA:84,0
DA:85,0
DA:89,0
DA:92,0
DA:94,0
DA:97,0
DA:98,0
DA:101,0
DA:104,0
DA:105,0
DA:106,0
DA:108,0
DA:117,0
DA:118,0
DA:119,0
DA:121,0
DA:122,0
DA:132,0
DA:133,0
DA:141,0
DA:142,0
DA:145,0
DA:155,0
DA:158,0
DA:159,0
DA:162,0
DA:165,0
DA:174,0
DA:175,0
DA:176,0
DA:178,0
DA:179,0
DA:190,0
DA:191,0
DA:192,0
DA:193,0
DA:202,0
DA:203,0
DA:212,0
DA:213,0
DA:217,0
DA:218,0
DA:219,0
DA:222,0
DA:223,0
DA:226,0
DA:227,0
DA:228,0
DA:229,0
DA:231,0
DA:234,0
DA:249,0
DA:250,0
DA:253,0
DA:254,0
DA:255,0
DA:261,0
DA:263,0
DA:264,0
DA:265,0
DA:267,0
DA:268,0
DA:269,0
DA:271,0
DA:272,0
DA:273,0
DA:275,0
DA:276,0
DA:279,0
DA:280,0
DA:281,0
DA:282,0
DA:284,0
DA:294,0
DA:295,0
DA:296,0
DA:297,0
DA:298,0
DA:308,0
DA:309,0
DA:310,0
DA:312,0
DA:313,0
DA:316,0
DA:317,0
DA:318,0
DA:320,0
DA:321,0
DA:324,0
DA:326,0
DA:327,0
DA:336,0
DA:337,0
DA:338,0
DA:339,0
DA:340,0
DA:342,0
DA:343,0
DA:352,0
DA:356,0
DA:358,0
DA:359,0
DA:360,0
DA:362,0
DA:365,0
DA:371,0
DA:374,0
DA:375,0
DA:377,0
DA:378,0
DA:379,0
DA:380,0
DA:381,0
DA:382,0
DA:383,0
DA:385,0
DA:387,0
DA:388,0
DA:392,0
DA:393,0
DA:394,0
DA:404,0
DA:405,0
DA:407,0
DA:408,0
DA:417,0
DA:418,0
DA:419,0
DA:421,0
DA:422,0
DA:423,0
DA:425,0
DA:426,0
DA:427,0
DA:428,0
DA:432,0
DA:443,0
DA:444,0
DA:454,0
DA:465,0
LF:148
LH:0
BRDA:22,0,0,0
BRDA:36,1,0,0
BRDA:36,1,1,0
BRDA:36,1,2,0
BRDA:37,2,0,0
BRDA:37,2,1,0
BRDA:39,3,0,0
BRDA:39,3,1,0
BRDA:40,4,0,0
BRDA:40,4,1,0
BRDA:42,5,0,0
BRDA:42,5,1,0
BRDA:43,6,0,0
BRDA:43,6,1,0
BRDA:44,7,0,0
BRDA:44,7,1,0
BRDA:49,8,0,0
BRDA:49,8,1,0
BRDA:51,9,0,0
BRDA:51,9,1,0
BRDA:52,10,0,0
BRDA:52,10,1,0
BRDA:53,11,0,0
BRDA:53,11,1,0
BRDA:56,12,0,0
BRDA:56,12,1,0
BRDA:57,13,0,0
BRDA:57,13,1,0
BRDA:58,14,0,0
BRDA:58,14,1,0
BRDA:66,15,0,0
BRDA:66,15,1,0
BRDA:84,16,0,0
BRDA:84,16,1,0
BRDA:97,17,0,0
BRDA:97,17,1,0
BRDA:105,18,0,0
BRDA:105,18,1,0
BRDA:119,19,0,0
BRDA:119,19,1,0
BRDA:133,20,0,0
BRDA:133,20,1,0
BRDA:158,21,0,0
BRDA:158,21,1,0
BRDA:176,22,0,0
BRDA:176,22,1,0
BRDA:190,23,0,0
BRDA:190,23,1,0
BRDA:190,23,2,0
BRDA:202,24,0,0
BRDA:202,24,1,0
BRDA:212,25,0,0
BRDA:212,25,1,0
BRDA:226,26,0,0
BRDA:226,26,1,0
BRDA:228,27,0,0
BRDA:228,27,1,0
BRDA:249,28,0,0
BRDA:249,28,1,0
BRDA:249,29,0,0
BRDA:249,29,1,0
BRDA:249,29,2,0
BRDA:254,30,0,0
BRDA:254,30,1,0
BRDA:261,31,0,0
BRDA:261,31,1,0
BRDA:261,31,2,0
BRDA:261,31,3,0
BRDA:279,32,0,0
BRDA:279,32,1,0
BRDA:281,33,0,0
BRDA:281,33,1,0
BRDA:294,34,0,0
BRDA:294,34,1,0
BRDA:294,34,2,0
BRDA:294,34,3,0
BRDA:312,35,0,0
BRDA:312,35,1,0
BRDA:351,36,0,0
BRDA:356,37,0,0
BRDA:356,37,1,0
BRDA:359,38,0,0
BRDA:359,38,1,0
BRDA:387,39,0,0
BRDA:387,39,1,0
BRDA:393,40,0,0
BRDA:393,40,1,0
BRDA:407,41,0,0
BRDA:407,41,1,0
BRDA:422,42,0,0
BRDA:422,42,1,0
BRDA:423,43,0,0
BRDA:423,43,1,0
BRDA:426,44,0,0
BRDA:426,44,1,0
BRDA:435,45,0,0
BRDA:435,45,1,0
BRDA:437,46,0,0
BRDA:437,46,1,0
BRDA:438,47,0,0
BRDA:438,47,1,0
BRF:101
BRH:0
end_of_record
TN:
SF:js/analysis.js
FN:2,fetchGEEAnalysis
FN:99,processIndicesStats
FN:127,displayAnalysisResults
FN:141,(anonymous_3)
FN:188,(anonymous_4)
FN:204,(anonymous_5)
FN:264,(anonymous_6)
FN:280,(anonymous_7)
FN:384,(anonymous_8)
FN:412,(anonymous_9)
FN:465,(anonymous_10)
FN:536,setupChatFunctionality
FN:544,addMessage
FN:569,(anonymous_13)
FN:576,sendMessage
FN:604,(anonymous_15)
FN:657,(anonymous_16)
FN:658,(anonymous_17)
FN:670,(anonymous_18)
FN:686,prepareAiAdviceTab
FN:716,getCurrentFieldDataForAnalysis
FN:804,addSaveIndicatorToResults
FN:847,showAnalysisHistory
FN:855,(anonymous_23)
FN:907,(anonymous_24)
FN:962,getHealthStatusClass
FN:976,loadAnalysisResult
FN:1004,displayStoredAnalysisResult
FN:1111,(anonymous_28)
FN:1126,displaySavedAiAdvice
FN:1180,(anonymous_30)
FN:1209,deleteAnalysisFromHistory
FN:1225,confirmClearAllAnalysisResults
FN:1253,updateAnalysisHistorySection
FN:1301,(anonymous_34)
FN:1347,loadAnalysisResultFromHistory
FN:1375,deleteAnalysisFromHistorySection
FN:1398,refreshAnalysisHistory
FN:1406,evaluateFieldHealth
FN:1427,(anonymous_39)
FN:1447,getStatusValue
FN:1457,evaluateNdviStatus
FN:1471,evaluateNdmiStatus
FN:1485,evaluateNdreStatus
FN:1499,updateHealthSummary
FN:1501,(anonymous_45)
FN:1512,updateOrCreateElement
FN:1531,updateAiComment
FN:1563,updateDetailedStats
FN:1581,addStatRow
FN:1586,(anonymous_50)
FN:1632,getStatusClass
FN:1665,getStatusText
FN:1698,getStdDevStatusText
FN:1708,getStdDevStatusClass
FN:1718,addVegetationIndicesLayers
FN:1742,addNdmiLayer
FN:1757,addNdreLayer
FN:1772,updateLayerToggleButtons
FNF:59
FNH:0
FNDA:0,fetchGEEAnalysis
FNDA:0,processIndicesStats
FNDA:0,displayAnalysisResults
FNDA:0,(anonymous_3)
FNDA:0,(anonymous_4)
FNDA:0,(anonymous_5)
FNDA:0,(anonymous_6)
FNDA:0,(anonymous_7)
FNDA:0,(anonymous_8)
FNDA:0,(anonymous_9)
FNDA:0,(anonymous_10)
FNDA:0,setupChatFunctionality
FNDA:0,addMessage
FNDA:0,(anonymous_13)
FNDA:0,sendMessage
FNDA:0,(anonymous_15)
FNDA:0,(anonymous_16)
FNDA:0,(anonymous_17)
FNDA:0,(anonymous_18)
FNDA:0,prepareAiAdviceTab
FNDA:0,getCurrentFieldDataForAnalysis
FNDA:0,addSaveIndicatorToResults
FNDA:0,showAnalysisHistory
FNDA:0,(anonymous_23)
FNDA:0,(anonymous_24)
FNDA:0,getHealthStatusClass
FNDA:0,loadAnalysisResult
FNDA:0,displayStoredAnalysisResult
FNDA:0,(anonymous_28)
FNDA:0,displaySavedAiAdvice
FNDA:0,(anonymous_30)
FNDA:0,deleteAnalysisFromHistory
FNDA:0,confirmClearAllAnalysisResults
FNDA:0,updateAnalysisHistorySection
FNDA:0,(anonymous_34)
FNDA:0,loadAnalysisResultFromHistory
FNDA:0,deleteAnalysisFromHistorySection
FNDA:0,refreshAnalysisHistory
FNDA:0,evaluateFieldHealth
FNDA:0,(anonymous_39)
FNDA:0,getStatusValue
FNDA:0,evaluateNdviStatus
FNDA:0,evaluateNdmiStatus
FNDA:0,evaluateNdreStatus
FNDA:0,updateHealthSummary
FNDA:0,(anonymous_45)
FNDA:0,updateOrCreateElement
FNDA:0,updateAiComment
FNDA:0,updateDetailedStats
FNDA:0,addStatRow
FNDA:0,(anonymous_50)
FNDA:0,getStatusClass
FNDA:0,getStatusText
FNDA:0,getStdDevStatusText
FNDA:0,getStdDevStatusClass
FNDA:0,addVegetationIndicesLayers
FNDA:0,addNdmiLayer
FNDA:0,addNdreLayer
FNDA:0,updateLayerToggleButtons
DA:3,0
DA:4,0
DA:7,0
DA:9,0
DA:11,0
DA:12,0
DA:13,0
DA:17,0
DA:20,0
DA:21,0
DA:22,0
DA:26,0
DA:27,0
DA:28,0
DA:29,0
DA:32,0
DA:33,0
DA:34,0
DA:37,0
DA:38,0
DA:39,0
DA:41,0
DA:49,0
DA:50,0
DA:53,0
DA:54,0
DA:55,0
DA:57,0
DA:58,0
DA:60,0
DA:62,0
DA:63,0
DA:67,0
DA:68,0
DA:70,0
DA:71,0
DA:74,0
DA:75,0
DA:76,0
DA:79,0
DA:80,0
DA:83,0
DA:88,0
DA:90,0
DA:91,0
DA:93,0
DA:94,0
DA:100,0
DA:106,0
DA:107,0
DA:108,0
DA:109,0
DA:110,0
DA:111,0
DA:112,0
DA:114,0
DA:116,0
DA:122,0
DA:123,0
DA:128,0
DA:131,0
DA:134,0
DA:135,0
DA:138,0
DA:141,0
DA:142,0
DA:143,0
DA:144,0
DA:147,0
DA:172,0
DA:175,0
DA:178,0
DA:181,0
DA:184,0
DA:186,0
DA:188,0
DA:189,0
DA:194,0
DA:195,0
DA:196,0
DA:200,0
DA:201,0
DA:204,0
DA:205,0
DA:206,0
DA:207,0
DA:210,0
DA:214,0
DA:217,0
DA:223,0
DA:226,0
DA:227,0
DA:228,0
DA:230,0
DA:233,0
DA:234,0
DA:235,0
DA:240,0
DA:241,0
DA:242,0
DA:243,0
DA:244,0
DA:246,0
DA:249,0
DA:253,0
DA:259,0
DA:261,0
DA:263,0
DA:265,0
DA:268,0
DA:269,0
DA:273,0
DA:274,0
DA:275,0
DA:276,0
DA:277,0
DA:279,0
DA:280,0
DA:281,0
DA:282,0
DA:283,0
DA:284,0
DA:288,0
DA:291,0
DA:292,0
DA:293,0
DA:295,0
DA:304,0
DA:305,0
DA:325,0
DA:326,0
DA:331,0
DA:332,0
DA:351,0
DA:352,0
DA:372,0
DA:373,0
DA:384,0
DA:400,0
DA:401,0
DA:412,0
DA:428,0
DA:429,0
DA:454,0
DA:457,0
DA:459,0
DA:462,0
DA:466,0
DA:467,0
DA:468,0
DA:469,0
DA:473,0
DA:474,0
DA:475,0
DA:476,0
DA:480,0
DA:481,0
DA:482,0
DA:483,0
DA:488,0
DA:496,0
DA:497,0
DA:498,0
DA:499,0
DA:511,0
DA:512,0
DA:515,0
DA:518,0
DA:521,0
DA:525,0
DA:526,0
DA:529,0
DA:530,0
DA:537,0
DA:538,0
DA:539,0
DA:541,0
DA:545,0
DA:546,0
DA:548,0
DA:549,0
DA:553,0
DA:554,0
DA:557,0
DA:558,0
DA:559,0
DA:562,0
DA:566,0
DA:569,0
DA:570,0
DA:571,0
DA:577,0
DA:578,0
DA:581,0
DA:582,0
DA:585,0
DA:586,0
DA:587,0
DA:596,0
DA:597,0
DA:600,0
DA:602,0
DA:604,0
DA:606,0
DA:609,0
DA:610,0
DA:612,0
DA:616,0
DA:618,0
DA:621,0
DA:622,0
DA:623,0
DA:624,0
DA:625,0
DA:629,0
DA:657,0
DA:660,0
DA:663,0
DA:664,0
DA:665,0
DA:667,0
DA:672,0
DA:673,0
DA:674,0
DA:678,0
DA:679,0
DA:680,0
DA:687,0
DA:690,0
DA:693,0
DA:695,0
DA:696,0
DA:705,0
DA:706,0
DA:717,0
DA:719,0
DA:721,0
DA:722,0
DA:723,0
DA:724,0
DA:737,0
DA:739,0
DA:740,0
DA:741,0
DA:752,0
DA:753,0
DA:754,0
DA:755,0
DA:756,0
DA:757,0
DA:769,0
DA:770,0
DA:771,0
DA:782,0
DA:791,0
DA:792,0
DA:805,0
DA:806,0
DA:807,0
DA:810,0
DA:811,0
DA:812,0
DA:816,0
DA:817,0
DA:818,0
DA:839,0
DA:842,0
DA:848,0
DA:849,0
DA:850,0
DA:853,0
DA:854,0
DA:855,0
DA:856,0
DA:857,0
DA:861,0
DA:862,0
DA:864,0
DA:907,0
DA:950,0
DA:951,0
DA:954,0
DA:955,0
DA:956,0
DA:963,0
DA:965,0
DA:967,0
DA:969,0
DA:971,0
DA:977,0
DA:978,0
DA:979,0
DA:980,0
DA:981,0
DA:983,0
DA:987,0
DA:988,0
DA:989,0
DA:993,0
DA:996,0
DA:997,0
DA:998,0
DA:1005,0
DA:1006,0
DA:1009,0
DA:1012,0
DA:1013,0
DA:1035,0
DA:1044,0
DA:1047,0
DA:1050,0
DA:1053,0
DA:1056,0
DA:1057,0
DA:1058,0
DA:1062,0
DA:1063,0
DA:1064,0
DA:1068,0
DA:1069,0
DA:1070,0
DA:1072,0
DA:1076,0
DA:1077,0
DA:1078,0
DA:1088,0
DA:1089,0
DA:1090,0
DA:1101,0
DA:1102,0
DA:1103,0
DA:1106,0
DA:1107,0
DA:1111,0
DA:1112,0
DA:1116,0
DA:1117,0
DA:1118,0
DA:1121,0
DA:1127,0
DA:1128,0
DA:1129,0
DA:1135,0
DA:1138,0
DA:1147,0
DA:1148,0
DA:1168,0
DA:1169,0
DA:1180,0
DA:1195,0
DA:1198,0
DA:1199,0
DA:1210,0
DA:1211,0
DA:1212,0
DA:1213,0
DA:1214,0
DA:1217,0
DA:1218,0
DA:1226,0
DA:1227,0
DA:1228,0
DA:1229,0
DA:1230,0
DA:1234,0
DA:1235,0
DA:1239,0
DA:1241,0
DA:1242,0
DA:1245,0
DA:1246,0
DA:1254,0
DA:1255,0
DA:1256,0
DA:1257,0
DA:1258,0
DA:1260,0
DA:1261,0
DA:1264,0
DA:1265,0
DA:1268,0
DA:1269,0
DA:1288,0
DA:1292,0
DA:1293,0
DA:1294,0
DA:1296,0
DA:1299,0
DA:1301,0
DA:1330,0
DA:1331,0
DA:1342,0
DA:1348,0
DA:1349,0
DA:1350,0
DA:1351,0
DA:1352,0
DA:1354,0
DA:1358,0
DA:1361,0
DA:1362,0
DA:1363,0
DA:1367,0
DA:1368,0
DA:1369,0
DA:1376,0
DA:1377,0
DA:1378,0
DA:1381,0
DA:1382,0
DA:1383,0
DA:1386,0
DA:1387,0
DA:1390,0
DA:1391,0
DA:1399,0
DA:1400,0
DA:1401,0
DA:1408,0
DA:1411,0
DA:1414,0
DA:1417,0
DA:1420,0
DA:1421,0
DA:1427,0
DA:1429,0
DA:1430,0
DA:1431,0
DA:1432,0
DA:1434,0
DA:1438,0
DA:1448,0
DA:1449,0
DA:1450,0
DA:1451,0
DA:1452,0
DA:1458,0
DA:1460,0
DA:1461,0
DA:1462,0
DA:1463,0
DA:1464,0
DA:1466,0
DA:1472,0
DA:1474,0
DA:1475,0
DA:1476,0
DA:1477,0
DA:1478,0
DA:1480,0
DA:1486,0
DA:1488,0
DA:1489,0
DA:1490,0
DA:1491,0
DA:1492,0
DA:1494,0
DA:1501,0
DA:1502,0
DA:1503,0
DA:1504,0
DA:1507,0
DA:1508,0
DA:1513,0
DA:1514,0
DA:1516,0
DA:1517,0
DA:1518,0
DA:1519,0
DA:1520,0
DA:1524,0
DA:1525,0
DA:1526,0
DA:1532,0
DA:1533,0
DA:1536,0
DA:1537,0
DA:1538,0
DA:1542,0
DA:1545,0
DA:1546,0
DA:1550,0
DA:1559,0
DA:1565,0
DA:1566,0
DA:1568,0
DA:1571,0
DA:1574,0
DA:1577,0
DA:1582,0
DA:1583,0
DA:1586,0
DA:1587,0
DA:1588,0
DA:1589,0
DA:1592,0
DA:1593,0
DA:1594,0
DA:1596,0
DA:1597,0
DA:1598,0
DA:1600,0
DA:1601,0
DA:1602,0
DA:1604,0
DA:1605,0
DA:1606,0
DA:1608,0
DA:1609,0
DA:1610,0
DA:1612,0
DA:1613,0
DA:1614,0
DA:1615,0
DA:1616,0
DA:1619,0
DA:1620,0
DA:1621,0
DA:1622,0
DA:1623,0
DA:1624,0
DA:1625,0
DA:1628,0
DA:1633,0
DA:1634,0
DA:1637,0
DA:1639,0
DA:1642,0
DA:1644,0
DA:1647,0
DA:1649,0
DA:1652,0
DA:1654,0
DA:1659,0
DA:1660,0
DA:1661,0
DA:1666,0
DA:1667,0
DA:1670,0
DA:1672,0
DA:1675,0
DA:1677,0
DA:1680,0
DA:1682,0
DA:1685,0
DA:1687,0
DA:1692,0
DA:1693,0
DA:1694,0
DA:1699,0
DA:1700,0
DA:1702,0
DA:1703,0
DA:1704,0
DA:1709,0
DA:1710,0
DA:1712,0
DA:1713,0
DA:1714,0
DA:1720,0
DA:1723,0
DA:1724,0
DA:1728,0
DA:1729,0
DA:1733,0
DA:1734,0
DA:1738,0
DA:1743,0
DA:1745,0
DA:1746,0
DA:1752,0
DA:1753,0
DA:1758,0
DA:1760,0
DA:1761,0
DA:1767,0
DA:1768,0
DA:1773,0
DA:1774,0
DA:1775,0
DA:1778,0
DA:1779,0
DA:1780,0
DA:1783,0
DA:1784,0
DA:1787,0
DA:1788,0
DA:1791,0
DA:1792,0
LF:589
LH:0
BRDA:11,0,0,0
BRDA:11,0,1,0
BRDA:20,1,0,0
BRDA:20,1,1,0
BRDA:20,2,0,0
BRDA:20,2,1,0
BRDA:26,3,0,0
BRDA:26,3,1,0
BRDA:26,4,0,0
BRDA:26,4,1,0
BRDA:57,5,0,0
BRDA:57,5,1,0
BRDA:60,6,0,0
BRDA:60,6,1,0
BRDA:67,7,0,0
BRDA:67,7,1,0
BRDA:68,8,0,0
BRDA:68,8,1,0
BRDA:83,9,0,0
BRDA:83,9,1,0
BRDA:83,10,0,0
BRDA:83,10,1,0
BRDA:83,10,2,0
BRDA:83,10,3,0
BRDA:106,11,0,0
BRDA:106,11,1,0
BRDA:108,12,0,0
BRDA:108,12,1,0
BRDA:110,13,0,0
BRDA:110,13,1,0
BRDA:114,14,0,0
BRDA:114,14,1,0
BRDA:142,15,0,0
BRDA:142,15,1,0
BRDA:142,16,0,0
BRDA:142,16,1,0
BRDA:144,17,0,0
BRDA:144,17,1,0
BRDA:184,18,0,0
BRDA:184,18,1,0
BRDA:195,19,0,0
BRDA:195,19,1,0
BRDA:200,20,0,0
BRDA:200,20,1,0
BRDA:200,21,0,0
BRDA:200,21,1,0
BRDA:200,21,2,0
BRDA:205,22,0,0
BRDA:205,22,1,0
BRDA:205,23,0,0
BRDA:205,23,1,0
BRDA:207,24,0,0
BRDA:207,24,1,0
BRDA:228,25,0,0
BRDA:228,25,1,0
BRDA:233,26,0,0
BRDA:233,26,1,0
BRDA:241,27,0,0
BRDA:241,27,1,0
BRDA:243,28,0,0
BRDA:243,28,1,0
BRDA:254,29,0,0
BRDA:254,29,1,0
BRDA:255,30,0,0
BRDA:255,30,1,0
BRDA:256,31,0,0
BRDA:256,31,1,0
BRDA:268,32,0,0
BRDA:268,32,1,0
BRDA:273,33,0,0
BRDA:273,33,1,0
BRDA:273,34,0,0
BRDA:273,34,1,0
BRDA:276,35,0,0
BRDA:276,35,1,0
BRDA:281,36,0,0
BRDA:281,36,1,0
BRDA:292,37,0,0
BRDA:292,37,1,0
BRDA:293,38,0,0
BRDA:293,38,1,0
BRDA:293,39,0,0
BRDA:293,39,1,0
BRDA:304,40,0,0
BRDA:304,40,1,0
BRDA:325,41,0,0
BRDA:325,41,1,0
BRDA:331,42,0,0
BRDA:331,42,1,0
BRDA:343,43,0,0
BRDA:343,43,1,0
BRDA:351,44,0,0
BRDA:351,44,1,0
BRDA:363,45,0,0
BRDA:363,45,1,0
BRDA:372,46,0,0
BRDA:372,46,1,0
BRDA:372,47,0,0
BRDA:372,47,1,0
BRDA:400,48,0,0
BRDA:400,48,1,0
BRDA:400,49,0,0
BRDA:400,49,1,0
BRDA:459,50,0,0
BRDA:459,50,1,0
BRDA:459,51,0,0
BRDA:459,51,1,0
BRDA:468,52,0,0
BRDA:468,52,1,0
BRDA:475,53,0,0
BRDA:475,53,1,0
BRDA:482,54,0,0
BRDA:482,54,1,0
BRDA:496,55,0,0
BRDA:496,55,1,0
BRDA:496,56,0,0
BRDA:496,56,1,0
BRDA:511,57,0,0
BRDA:511,57,1,0
BRDA:525,58,0,0
BRDA:525,58,1,0
BRDA:529,59,0,0
BRDA:529,59,1,0
BRDA:541,60,0,0
BRDA:541,60,1,0
BRDA:541,61,0,0
BRDA:541,61,1,0
BRDA:541,61,2,0
BRDA:544,62,0,0
BRDA:546,63,0,0
BRDA:546,63,1,0
BRDA:549,64,0,0
BRDA:549,64,1,0
BRDA:553,65,0,0
BRDA:553,65,1,0
BRDA:570,66,0,0
BRDA:570,66,1,0
BRDA:578,67,0,0
BRDA:578,67,1,0
BRDA:602,68,0,0
BRDA:602,68,1,0
BRDA:618,69,0,0
BRDA:618,69,1,0
BRDA:621,70,0,0
BRDA:621,70,1,0
BRDA:622,71,0,0
BRDA:622,71,1,0
BRDA:663,72,0,0
BRDA:663,72,1,0
BRDA:663,73,0,0
BRDA:663,73,1,0
BRDA:690,74,0,0
BRDA:690,74,1,0
BRDA:693,75,0,0
BRDA:693,75,1,0
BRDA:695,76,0,0
BRDA:695,76,1,0
BRDA:695,77,0,0
BRDA:695,77,1,0
BRDA:705,78,0,0
BRDA:705,78,1,0
BRDA:705,79,0,0
BRDA:705,79,1,0
BRDA:719,80,0,0
BRDA:719,80,1,0
BRDA:719,81,0,0
BRDA:719,81,1,0
BRDA:719,81,2,0
BRDA:722,82,0,0
BRDA:722,82,1,0
BRDA:725,83,0,0
BRDA:725,83,1,0
BRDA:726,84,0,0
BRDA:726,84,1,0
BRDA:727,85,0,0
BRDA:727,85,1,0
BRDA:728,86,0,0
BRDA:728,86,1,0
BRDA:729,87,0,0
BRDA:729,87,1,0
BRDA:730,88,0,0
BRDA:730,88,1,0
BRDA:731,89,0,0
BRDA:731,89,1,0
BRDA:737,90,0,0
BRDA:737,90,1,0
BRDA:737,91,0,0
BRDA:737,91,1,0
BRDA:737,91,2,0
BRDA:737,91,3,0
BRDA:742,92,0,0
BRDA:742,92,1,0
BRDA:742,92,2,0
BRDA:743,93,0,0
BRDA:743,93,1,0
BRDA:744,94,0,0
BRDA:744,94,1,0
BRDA:745,95,0,0
BRDA:745,95,1,0
BRDA:746,96,0,0
BRDA:746,96,1,0
BRDA:747,97,0,0
BRDA:747,97,1,0
BRDA:752,98,0,0
BRDA:752,98,1,0
BRDA:754,99,0,0
BRDA:754,99,1,0
BRDA:754,100,0,0
BRDA:754,100,1,0
BRDA:758,101,0,0
BRDA:758,101,1,0
BRDA:759,102,0,0
BRDA:759,102,1,0
BRDA:760,103,0,0
BRDA:760,103,1,0
BRDA:761,104,0,0
BRDA:761,104,1,0
BRDA:762,105,0,0
BRDA:762,105,1,0
BRDA:763,106,0,0
BRDA:763,106,1,0
BRDA:769,107,0,0
BRDA:769,107,1,0
BRDA:769,108,0,0
BRDA:769,108,1,0
BRDA:807,109,0,0
BRDA:807,109,1,0
BRDA:811,110,0,0
BRDA:811,110,1,0
BRDA:849,111,0,0
BRDA:849,111,1,0
BRDA:850,112,0,0
BRDA:850,112,1,0
BRDA:856,113,0,0
BRDA:856,113,1,0
BRDA:875,114,0,0
BRDA:875,114,1,0
BRDA:887,115,0,0
BRDA:887,115,1,0
BRDA:891,116,0,0
BRDA:891,116,1,0
BRDA:898,117,0,0
BRDA:898,117,1,0
BRDA:955,118,0,0
BRDA:955,118,1,0
BRDA:963,119,0,0
BRDA:963,119,1,0
BRDA:963,119,2,0
BRDA:963,119,3,0
BRDA:978,120,0,0
BRDA:978,120,1,0
BRDA:979,121,0,0
BRDA:979,121,1,0
BRDA:980,122,0,0
BRDA:980,122,1,0
BRDA:988,123,0,0
BRDA:988,123,1,0
BRDA:997,124,0,0
BRDA:997,124,1,0
BRDA:1012,125,0,0
BRDA:1012,125,1,0
BRDA:1015,126,0,0
BRDA:1015,126,1,0
BRDA:1016,127,0,0
BRDA:1016,127,1,0
BRDA:1017,128,0,0
BRDA:1017,128,1,0
BRDA:1018,129,0,0
BRDA:1018,129,1,0
BRDA:1021,130,0,0
BRDA:1021,130,1,0
BRDA:1022,131,0,0
BRDA:1022,131,1,0
BRDA:1023,132,0,0
BRDA:1023,132,1,0
BRDA:1024,133,0,0
BRDA:1024,133,1,0
BRDA:1027,134,0,0
BRDA:1027,134,1,0
BRDA:1028,135,0,0
BRDA:1028,135,1,0
BRDA:1029,136,0,0
BRDA:1029,136,1,0
BRDA:1030,137,0,0
BRDA:1030,137,1,0
BRDA:1057,138,0,0
BRDA:1057,138,1,0
BRDA:1063,139,0,0
BRDA:1063,139,1,0
BRDA:1068,140,0,0
BRDA:1068,140,1,0
BRDA:1070,141,0,0
BRDA:1070,141,1,0
BRDA:1077,142,0,0
BRDA:1077,142,1,0
BRDA:1102,143,0,0
BRDA:1102,143,1,0
BRDA:1106,144,0,0
BRDA:1106,144,1,0
BRDA:1117,145,0,0
BRDA:1117,145,1,0
BRDA:1128,146,0,0
BRDA:1128,146,1,0
BRDA:1128,147,0,0
BRDA:1128,147,1,0
BRDA:1147,148,0,0
BRDA:1147,148,1,0
BRDA:1168,149,0,0
BRDA:1168,149,1,0
BRDA:1168,150,0,0
BRDA:1168,150,1,0
BRDA:1210,151,0,0
BRDA:1210,151,1,0
BRDA:1211,152,0,0
BRDA:1211,152,1,0
BRDA:1211,153,0,0
BRDA:1211,153,1,0
BRDA:1213,154,0,0
BRDA:1213,154,1,0
BRDA:1217,155,0,0
BRDA:1217,155,1,0
BRDA:1226,156,0,0
BRDA:1226,156,1,0
BRDA:1227,157,0,0
BRDA:1227,157,1,0
BRDA:1227,158,0,0
BRDA:1227,158,1,0
BRDA:1229,159,0,0
BRDA:1229,159,1,0
BRDA:1234,160,0,0
BRDA:1234,160,1,0
BRDA:1241,161,0,0
BRDA:1241,161,1,0
BRDA:1245,162,0,0
BRDA:1245,162,1,0
BRDA:1260,163,0,0
BRDA:1260,163,1,0
BRDA:1260,164,0,0
BRDA:1260,164,1,0
BRDA:1260,164,2,0
BRDA:1260,164,3,0
BRDA:1264,165,0,0
BRDA:1264,165,1,0
BRDA:1265,166,0,0
BRDA:1265,166,1,0
BRDA:1268,167,0,0
BRDA:1268,167,1,0
BRDA:1268,168,0,0
BRDA:1268,168,1,0
BRDA:1280,169,0,0
BRDA:1280,169,1,0
BRDA:1284,170,0,0
BRDA:1284,170,1,0
BRDA:1292,171,0,0
BRDA:1292,171,1,0
BRDA:1330,172,0,0
BRDA:1330,172,1,0
BRDA:1349,173,0,0
BRDA:1349,173,1,0
BRDA:1350,174,0,0
BRDA:1350,174,1,0
BRDA:1351,175,0,0
BRDA:1351,175,1,0
BRDA:1362,176,0,0
BRDA:1362,176,1,0
BRDA:1368,177,0,0
BRDA:1368,177,1,0
BRDA:1376,178,0,0
BRDA:1376,178,1,0
BRDA:1377,179,0,0
BRDA:1377,179,1,0
BRDA:1377,180,0,0
BRDA:1377,180,1,0
BRDA:1381,181,0,0
BRDA:1381,181,1,0
BRDA:1386,182,0,0
BRDA:1386,182,1,0
BRDA:1390,183,0,0
BRDA:1390,183,1,0
BRDA:1400,184,0,0
BRDA:1400,184,1,0
BRDA:1420,185,0,0
BRDA:1420,185,1,0
BRDA:1420,186,0,0
BRDA:1420,186,1,0
BRDA:1420,186,2,0
BRDA:1429,187,0,0
BRDA:1429,187,1,0
BRDA:1431,188,0,0
BRDA:1431,188,1,0
BRDA:1448,189,0,0
BRDA:1448,189,1,0
BRDA:1448,189,2,0
BRDA:1448,189,3,0
BRDA:1458,190,0,0
BRDA:1458,190,1,0
BRDA:1461,191,0,0
BRDA:1461,191,1,0
BRDA:1463,192,0,0
BRDA:1463,192,1,0
BRDA:1472,193,0,0
BRDA:1472,193,1,0
BRDA:1475,194,0,0
BRDA:1475,194,1,0
BRDA:1477,195,0,0
BRDA:1477,195,1,0
BRDA:1486,196,0,0
BRDA:1486,196,1,0
BRDA:1489,197,0,0
BRDA:1489,197,1,0
BRDA:1491,198,0,0
BRDA:1491,198,1,0
BRDA:1502,199,0,0
BRDA:1502,199,1,0
BRDA:1502,200,0,0
BRDA:1502,200,1,0
BRDA:1504,201,0,0
BRDA:1504,201,1,0
BRDA:1516,202,0,0
BRDA:1516,202,1,0
BRDA:1516,203,0,0
BRDA:1516,203,1,0
BRDA:1517,204,0,0
BRDA:1517,204,1,0
BRDA:1525,205,0,0
BRDA:1525,205,1,0
BRDA:1533,206,0,0
BRDA:1533,206,1,0
BRDA:1536,207,0,0
BRDA:1536,207,1,0
BRDA:1542,208,0,0
BRDA:1542,208,1,0
BRDA:1542,209,0,0
BRDA:1542,209,1,0
BRDA:1542,209,2,0
BRDA:1566,210,0,0
BRDA:1566,210,1,0
BRDA:1587,211,0,0
BRDA:1587,211,1,0
BRDA:1587,212,0,0
BRDA:1587,212,1,0
BRDA:1589,213,0,0
BRDA:1589,213,1,0
BRDA:1619,214,0,0
BRDA:1619,214,1,0
BRDA:1623,215,0,0
BRDA:1623,215,1,0
BRDA:1632,216,0,0
BRDA:1634,217,0,0
BRDA:1634,217,1,0
BRDA:1637,218,0,0
BRDA:1637,218,1,0
BRDA:1637,218,2,0
BRDA:1637,218,3,0
BRDA:1639,219,0,0
BRDA:1639,219,1,0
BRDA:1644,220,0,0
BRDA:1644,220,1,0
BRDA:1649,221,0,0
BRDA:1649,221,1,0
BRDA:1654,222,0,0
BRDA:1654,222,1,0
BRDA:1659,223,0,0
BRDA:1659,223,1,0
BRDA:1660,224,0,0
BRDA:1660,224,1,0
BRDA:1665,225,0,0
BRDA:1665,226,0,0
BRDA:1667,227,0,0
BRDA:1667,227,1,0
BRDA:1670,228,0,0
BRDA:1670,228,1,0
BRDA:1670,228,2,0
BRDA:1670,228,3,0
BRDA:1672,229,0,0
BRDA:1672,229,1,0
BRDA:1677,230,0,0
BRDA:1677,230,1,0
BRDA:1682,231,0,0
BRDA:1682,231,1,0
BRDA:1687,232,0,0
BRDA:1687,232,1,0
BRDA:1692,233,0,0
BRDA:1692,233,1,0
BRDA:1693,234,0,0
BRDA:1693,234,1,0
BRDA:1700,235,0,0
BRDA:1700,235,1,0
BRDA:1702,236,0,0
BRDA:1702,236,1,0
BRDA:1703,237,0,0
BRDA:1703,237,1,0
BRDA:1710,238,0,0
BRDA:1710,238,1,0
BRDA:1712,239,0,0
BRDA:1712,239,1,0
BRDA:1713,240,0,0
BRDA:1713,240,1,0
BRDA:1723,241,0,0
BRDA:1723,241,1,0
BRDA:1728,242,0,0
BRDA:1728,242,1,0
BRDA:1733,243,0,0
BRDA:1733,243,1,0
BRDA:1743,244,0,0
BRDA:1743,244,1,0
BRDA:1745,245,0,0
BRDA:1745,245,1,0
BRDA:1758,246,0,0
BRDA:1758,246,1,0
BRDA:1760,247,0,0
BRDA:1760,247,1,0
BRDA:1778,248,0,0
BRDA:1778,248,1,0
BRDA:1779,249,0,0
BRDA:1779,249,1,0
BRDA:1780,250,0,0
BRDA:1780,250,1,0
BRDA:1783,251,0,0
BRDA:1783,251,1,0
BRDA:1784,252,0,0
BRDA:1784,252,1,0
BRDA:1787,253,0,0
BRDA:1787,253,1,0
BRDA:1788,254,0,0
BRDA:1788,254,1,0
BRDA:1791,255,0,0
BRDA:1791,255,1,0
BRDA:1792,256,0,0
BRDA:1792,256,1,0
BRF:530
BRH:0
end_of_record
TN:
SF:js/data-exporter.js
FN:9,(anonymous_0)
FN:14,(anonymous_1)
FN:23,(anonymous_2)
FN:40,(anonymous_3)
FN:44,(anonymous_4)
FN:52,(anonymous_5)
FN:55,(anonymous_6)
FN:65,(anonymous_7)
FN:80,(anonymous_8)
FN:91,(anonymous_9)
FN:98,(anonymous_10)
FN:106,(anonymous_11)
FN:111,(anonymous_12)
FNF:13
FNH:0
FNDA:0,(anonymous_0)
FNDA:0,(anonymous_1)
FNDA:0,(anonymous_2)
FNDA:0,(anonymous_3)
FNDA:0,(anonymous_4)
FNDA:0,(anonymous_5)
FNDA:0,(anonymous_6)
FNDA:0,(anonymous_7)
FNDA:0,(anonymous_8)
FNDA:0,(anonymous_9)
FNDA:0,(anonymous_10)
FNDA:0,(anonymous_11)
FNDA:0,(anonymous_12)
DA:9,0
DA:12,0
DA:15,0
DA:16,0
DA:17,0
DA:19,0
DA:24,0
DA:25,0
DA:26,0
DA:27,0
DA:28,0
DA:31,0
DA:34,0
DA:35,0
DA:41,0
DA:42,0
DA:44,0
DA:45,0
DA:48,0
DA:53,0
DA:55,0
DA:56,0
DA:57,0
DA:61,0
DA:67,0
DA:76,0
DA:81,0
DA:82,0
DA:83,0
DA:85,0
DA:86,0
DA:87,0
DA:88,0
DA:89,0
DA:91,0
DA:92,0
DA:93,0
DA:99,0
DA:100,0
DA:101,0
DA:102,0
DA:107,0
DA:108,0
DA:111,0
DA:112,0
DA:116,0
DA:119,0
DA:121,0
DA:122,0
DA:128,0
DA:133,0
LF:51
LH:0
BRDA:26,0,0,0
BRDA:26,0,1,0
BRDA:56,1,0,0
BRDA:56,1,1,0
BRDA:87,2,0,0
BRDA:87,2,1,0
BRDA:112,3,0,0
BRDA:112,3,1,0
BRF:8
BRH:0
end_of_record
TN:
SF:js/data-initializer.js
FN:7,convertSvgPathToGeoJSON
FN:18,(anonymous_1)
FN:20,(anonymous_2)
FN:44,(anonymous_3)
FN:72,createSampleFieldData
FN:105,initializeAllData
FN:148,clearFieldsData
FN:160,clearDirectoriesData
FN:172,clearAnalysisData
FN:181,(anonymous_9)
FN:199,clearMapDisplay
FN:231,refreshUI
FN:274,confirmAndInitialize
FN:295,getStoredFieldsCount
FN:305,getStoredDirectoriesCount
FN:315,getStoredAnalysisCount
FN:331,clearFieldsOnly
FN:356,clearDirectoriesOnly
FN:380,clearAnalysisOnly
FN:405,addSampleField
FNF:20
FNH:0
FNDA:0,convertSvgPathToGeoJSON
FNDA:0,(anonymous_1)
FNDA:0,(anonymous_2)
FNDA:0,(anonymous_3)
FNDA:0,createSampleFieldData
FNDA:0,initializeAllData
FNDA:0,clearFieldsData
FNDA:0,clearDirectoriesData
FNDA:0,clearAnalysisData
FNDA:0,(anonymous_9)
FNDA:0,clearMapDisplay
FNDA:0,refreshUI
FNDA:0,confirmAndInitialize
FNDA:0,getStoredFieldsCount
FNDA:0,getStoredDirectoriesCount
FNDA:0,getStoredAnalysisCount
FNDA:0,clearFieldsOnly
FNDA:0,clearDirectoriesOnly
FNDA:0,clearAnalysisOnly
FNDA:0,addSampleField
DA:8,0
DA:10,0
DA:11,0
DA:12,0
DA:15,0
DA:16,0
DA:18,0
DA:19,0
DA:20,0
DA:22,0
DA:24,0
DA:25,0
DA:26,0
DA:27,0
DA:29,0
DA:30,0
DA:31,0
DA:32,0
DA:34,0
DA:36,0
DA:37,0
DA:39,0
DA:44,0
DA:46,0
DA:47,0
DA:50,0
DA:51,0
DA:53,0
DA:57,0
DA:66,0
DA:67,0
DA:74,0
DA:84,0
DA:85,0
DA:86,0
DA:87,0
DA:88,0
DA:90,0
DA:91,0
DA:93,0
DA:106,0
DA:107,0
DA:110,0
DA:112,0
DA:115,0
DA:118,0
DA:121,0
DA:124,0
DA:127,0
DA:129,0
DA:130,0
DA:132,0
DA:135,0
DA:137,0
DA:138,0
DA:139,0
DA:141,0
DA:143,0
DA:149,0
DA:150,0
DA:151,0
DA:152,0
DA:154,0
DA:155,0
DA:161,0
DA:162,0
DA:163,0
DA:164,0
DA:166,0
DA:167,0
DA:173,0
DA:175,0
DA:181,0
DA:182,0
DA:186,0
DA:188,0
DA:191,0
DA:193,0
DA:194,0
DA:200,0
DA:202,0
DA:203,0
DA:204,0
DA:206,0
DA:210,0
DA:211,0
DA:215,0
DA:216,0
DA:220,0
DA:221,0
DA:223,0
DA:225,0
DA:232,0
DA:234,0
DA:235,0
DA:239,0
DA:240,0
DA:244,0
DA:245,0
DA:246,0
DA:250,0
DA:251,0
DA:255,0
DA:256,0
DA:257,0
DA:261,0
DA:262,0
DA:263,0
DA:266,0
DA:268,0
DA:275,0
DA:276,0
DA:277,0
DA:279,0
DA:287,0
DA:288,0
DA:291,0
DA:296,0
DA:297,0
DA:298,0
DA:299,0
DA:301,0
DA:306,0
DA:307,0
DA:308,0
DA:309,0
DA:311,0
DA:316,0
DA:317,0
DA:319,0
DA:323,0
DA:324,0
DA:326,0
DA:332,0
DA:333,0
DA:336,0
DA:337,0
DA:338,0
DA:340,0
DA:341,0
DA:344,0
DA:345,0
DA:347,0
DA:349,0
DA:350,0
DA:352,0
DA:357,0
DA:358,0
DA:361,0
DA:362,0
DA:364,0
DA:365,0
DA:368,0
DA:369,0
DA:371,0
DA:373,0
DA:374,0
DA:376,0
DA:381,0
DA:382,0
DA:385,0
DA:386,0
DA:388,0
DA:389,0
DA:392,0
DA:393,0
DA:395,0
DA:397,0
DA:398,0
DA:400,0
DA:406,0
DA:408,0
DA:409,0
DA:413,0
DA:414,0
DA:415,0
DA:419,0
DA:420,0
DA:421,0
DA:423,0
DA:426,0
DA:432,0
DA:433,0
DA:434,0
DA:435,0
DA:436,0
DA:437,0
DA:438,0
DA:439,0
DA:440,0
DA:441,0
DA:442,0
DA:443,0
LF:193
LH:0
BRDA:7,0,0,0
BRDA:11,1,0,0
BRDA:11,1,1,0
BRDA:22,2,0,0
BRDA:22,2,1,0
BRDA:22,2,2,0
BRDA:36,3,0,0
BRDA:36,3,1,0
BRDA:106,4,0,0
BRDA:106,4,1,0
BRDA:129,5,0,0
BRDA:129,5,1,0
BRDA:138,6,0,0
BRDA:138,6,1,0
BRDA:150,7,0,0
BRDA:150,7,1,0
BRDA:162,8,0,0
BRDA:162,8,1,0
BRDA:186,9,0,0
BRDA:186,9,1,0
BRDA:186,10,0,0
BRDA:186,10,1,0
BRDA:202,11,0,0
BRDA:202,11,1,0
BRDA:202,12,0,0
BRDA:202,12,1,0
BRDA:203,13,0,0
BRDA:203,13,1,0
BRDA:203,14,0,0
BRDA:203,14,1,0
BRDA:210,15,0,0
BRDA:210,15,1,0
BRDA:210,16,0,0
BRDA:210,16,1,0
BRDA:215,17,0,0
BRDA:215,17,1,0
BRDA:234,18,0,0
BRDA:234,18,1,0
BRDA:239,19,0,0
BRDA:239,19,1,0
BRDA:245,20,0,0
BRDA:245,20,1,0
BRDA:250,21,0,0
BRDA:250,21,1,0
BRDA:256,22,0,0
BRDA:256,22,1,0
BRDA:262,23,0,0
BRDA:262,23,1,0
BRDA:287,24,0,0
BRDA:287,24,1,0
BRDA:297,25,0,0
BRDA:297,25,1,0
BRDA:299,26,0,0
BRDA:299,26,1,0
BRDA:307,27,0,0
BRDA:307,27,1,0
BRDA:309,28,0,0
BRDA:309,28,1,0
BRDA:317,29,0,0
BRDA:317,29,1,0
BRDA:317,30,0,0
BRDA:317,30,1,0
BRDA:324,31,0,0
BRDA:324,31,1,0
BRDA:332,32,0,0
BRDA:332,32,1,0
BRDA:340,33,0,0
BRDA:340,33,1,0
BRDA:344,34,0,0
BRDA:344,34,1,0
BRDA:349,35,0,0
BRDA:349,35,1,0
BRDA:357,36,0,0
BRDA:357,36,1,0
BRDA:364,37,0,0
BRDA:364,37,1,0
BRDA:368,38,0,0
BRDA:368,38,1,0
BRDA:373,39,0,0
BRDA:373,39,1,0
BRDA:381,40,0,0
BRDA:381,40,1,0
BRDA:388,41,0,0
BRDA:388,41,1,0
BRDA:392,42,0,0
BRDA:392,42,1,0
BRDA:397,43,0,0
BRDA:397,43,1,0
BRDA:408,44,0,0
BRDA:408,44,1,0
BRDA:414,45,0,0
BRDA:414,45,1,0
BRDA:419,46,0,0
BRDA:419,46,1,0
BRDA:432,47,0,0
BRDA:432,47,1,0
BRF:96
BRH:0
end_of_record
TN:
SF:js/fields.js
FN:31,getFieldsList
FN:39,(anonymous_1)
FN:42,(anonymous_2)
FN:57,saveFieldsList
FN:62,getDirectoriesList
FN:67,(anonymous_5)
FN:82,(anonymous_6)
FN:98,saveDirectoriesList
FN:103,addField
FN:137,updateField
FN:139,(anonymous_10)
FN:159,deleteField
FN:161,(anonymous_12)
FN:173,getFieldById
FN:175,(anonymous_14)
FN:179,saveFieldAnalysis
FN:189,getSelectedFields
FN:191,(anonymous_17)
FN:195,searchFieldsByName
FN:201,(anonymous_19)
FN:208,sortFields
FN:209,(anonymous_21)
FN:240,sortDirectories
FN:241,(anonymous_23)
FN:252,getDirectoryById
FN:254,(anonymous_25)
FN:258,addDirectory
FN:286,updateDirectory
FN:288,(anonymous_28)
FN:308,deleteDirectory
FN:310,(anonymous_30)
FN:338,(anonymous_31)
FN:356,getFieldsInDirectory
FN:360,(anonymous_33)
FN:366,moveFieldToDirectory
FN:380,calculateFieldCenter
FN:422,exportFields
FN:437,importFields
FN:447,(anonymous_38)
FN:449,(anonymous_39)
FN:463,(anonymous_40)
FN:465,(anonymous_41)
FNF:42
FNH:0
FNDA:0,getFieldsList
FNDA:0,(anonymous_1)
FNDA:0,(anonymous_2)
FNDA:0,saveFieldsList
FNDA:0,getDirectoriesList
FNDA:0,(anonymous_5)
FNDA:0,(anonymous_6)
FNDA:0,saveDirectoriesList
FNDA:0,addField
FNDA:0,updateField
FNDA:0,(anonymous_10)
FNDA:0,deleteField
FNDA:0,(anonymous_12)
FNDA:0,getFieldById
FNDA:0,(anonymous_14)
FNDA:0,saveFieldAnalysis
FNDA:0,getSelectedFields
FNDA:0,(anonymous_17)
FNDA:0,searchFieldsByName
FNDA:0,(anonymous_19)
FNDA:0,sortFields
FNDA:0,(anonymous_21)
FNDA:0,sortDirectories
FNDA:0,(anonymous_23)
FNDA:0,getDirectoryById
FNDA:0,(anonymous_25)
FNDA:0,addDirectory
FNDA:0,updateDirectory
FNDA:0,(anonymous_28)
FNDA:0,deleteDirectory
FNDA:0,(anonymous_30)
FNDA:0,(anonymous_31)
FNDA:0,getFieldsInDirectory
FNDA:0,(anonymous_33)
FNDA:0,moveFieldToDirectory
FNDA:0,calculateFieldCenter
FNDA:0,exportFields
FNDA:0,importFields
FNDA:0,(anonymous_38)
FNDA:0,(anonymous_39)
FNDA:0,(anonymous_40)
FNDA:0,(anonymous_41)
DA:28,0
DA:32,0
DA:33,0
DA:36,0
DA:37,0
DA:39,0
DA:40,0
DA:42,0
DA:43,0
DA:44,0
DA:49,0
DA:50,0
DA:53,0
DA:58,0
DA:63,0
DA:64,0
DA:67,0
DA:68,0
DA:77,0
DA:81,0
DA:82,0
DA:83,0
DA:84,0
DA:85,0
DA:90,0
DA:91,0
DA:94,0
DA:99,0
DA:104,0
DA:107,0
DA:108,0
DA:112,0
DA:115,0
DA:130,0
DA:131,0
DA:133,0
DA:138,0
DA:139,0
DA:141,0
DA:142,0
DA:146,0
DA:152,0
DA:153,0
DA:155,0
DA:160,0
DA:161,0
DA:164,0
DA:165,0
DA:168,0
DA:169,0
DA:174,0
DA:175,0
DA:180,0
DA:190,0
DA:191,0
DA:196,0
DA:198,0
DA:199,0
DA:201,0
DA:202,0
DA:209,0
DA:211,0
DA:212,0
DA:216,0
DA:218,0
DA:223,0
DA:224,0
DA:225,0
DA:226,0
DA:230,0
DA:231,0
DA:232,0
DA:241,0
DA:243,0
DA:244,0
DA:247,0
DA:253,0
DA:254,0
DA:259,0
DA:262,0
DA:263,0
DA:267,0
DA:270,0
DA:279,0
DA:280,0
DA:282,0
DA:287,0
DA:288,0
DA:290,0
DA:291,0
DA:295,0
DA:301,0
DA:302,0
DA:304,0
DA:309,0
DA:310,0
DA:313,0
DA:314,0
DA:318,0
DA:322,0
DA:324,0
DA:327,0
DA:333,0
DA:334,0
DA:338,0
DA:339,0
DA:340,0
DA:346,0
DA:349,0
DA:350,0
DA:352,0
DA:357,0
DA:360,0
DA:361,0
DA:368,0
DA:369,0
DA:370,0
DA:374,0
DA:381,0
DA:385,0
DA:386,0
DA:387,0
DA:388,0
DA:390,0
DA:395,0
DA:397,0
DA:398,0
DA:400,0
DA:402,0
DA:406,0
DA:407,0
DA:409,0
DA:410,0
DA:411,0
DA:414,0
DA:416,0
DA:417,0
DA:423,0
DA:424,0
DA:426,0
DA:433,0
DA:438,0
DA:439,0
DA:441,0
DA:442,0
DA:446,0
DA:447,0
DA:449,0
DA:450,0
DA:456,0
DA:457,0
DA:461,0
DA:462,0
DA:463,0
DA:465,0
DA:466,0
DA:469,0
DA:475,0
DA:476,0
DA:479,0
DA:482,0
DA:483,0
DA:489,0
DA:490,0
LF:164
LH:0
BRDA:33,0,0,0
BRDA:33,0,1,0
BRDA:40,1,0,0
BRDA:40,1,1,0
BRDA:43,2,0,0
BRDA:43,2,1,0
BRDA:43,3,0,0
BRDA:43,3,1,0
BRDA:49,4,0,0
BRDA:49,4,1,0
BRDA:64,5,0,0
BRDA:64,5,1,0
BRDA:67,6,0,0
BRDA:67,6,1,0
BRDA:83,7,0,0
BRDA:83,7,1,0
BRDA:90,8,0,0
BRDA:90,8,1,0
BRDA:107,9,0,0
BRDA:107,9,1,0
BRDA:117,10,0,0
BRDA:117,10,1,0
BRDA:118,11,0,0
BRDA:118,11,1,0
BRDA:119,12,0,0
BRDA:119,12,1,0
BRDA:122,13,0,0
BRDA:122,13,1,0
BRDA:124,14,0,0
BRDA:124,14,1,0
BRDA:126,15,0,0
BRDA:126,15,1,0
BRDA:141,16,0,0
BRDA:141,16,1,0
BRDA:164,17,0,0
BRDA:164,17,1,0
BRDA:175,18,0,0
BRDA:175,18,1,0
BRDA:196,19,0,0
BRDA:196,19,1,0
BRDA:202,20,0,0
BRDA:202,20,1,0
BRDA:202,20,2,0
BRDA:208,21,0,0
BRDA:208,22,0,0
BRDA:211,23,0,0
BRDA:211,23,1,0
BRDA:211,24,0,0
BRDA:211,24,1,0
BRDA:211,24,2,0
BRDA:212,25,0,0
BRDA:212,25,1,0
BRDA:216,26,0,0
BRDA:216,26,1,0
BRDA:216,27,0,0
BRDA:216,27,1,0
BRDA:218,28,0,0
BRDA:218,28,1,0
BRDA:223,29,0,0
BRDA:223,29,1,0
BRDA:226,30,0,0
BRDA:226,30,1,0
BRDA:232,31,0,0
BRDA:232,31,1,0
BRDA:243,32,0,0
BRDA:243,32,1,0
BRDA:244,33,0,0
BRDA:244,33,1,0
BRDA:254,34,0,0
BRDA:254,34,1,0
BRDA:262,35,0,0
BRDA:262,35,1,0
BRDA:272,36,0,0
BRDA:272,36,1,0
BRDA:273,37,0,0
BRDA:273,37,1,0
BRDA:290,38,0,0
BRDA:290,38,1,0
BRDA:313,39,0,0
BRDA:313,39,1,0
BRDA:322,40,0,0
BRDA:322,40,1,0
BRDA:339,41,0,0
BRDA:339,41,1,0
BRDA:361,42,0,0
BRDA:361,42,1,0
BRDA:369,43,0,0
BRDA:369,43,1,0
BRDA:385,44,0,0
BRDA:385,44,1,0
BRDA:385,45,0,0
BRDA:385,45,1,0
BRDA:387,46,0,0
BRDA:387,46,1,0
BRDA:395,47,0,0
BRDA:395,47,1,0
BRDA:395,48,0,0
BRDA:395,48,1,0
BRDA:395,48,2,0
BRDA:395,48,3,0
BRDA:398,49,0,0
BRDA:398,49,1,0
BRDA:398,50,0,0
BRDA:398,50,1,0
BRDA:398,50,2,0
BRDA:441,51,0,0
BRDA:441,51,1,0
BRDA:441,52,0,0
BRDA:441,52,1,0
BRDA:456,53,0,0
BRDA:456,53,1,0
BRDA:461,54,0,0
BRDA:461,54,1,0
BRDA:461,55,0,0
BRDA:461,55,1,0
BRDA:466,56,0,0
BRDA:466,56,1,0
BRDA:475,57,0,0
BRDA:475,57,1,0
BRF:119
BRH:0
end_of_record
TN:
SF:js/gemini-api.js
FN:10,getGeminiApiKey
FN:23,preparePrompt
FN:151,getGeminiAdvice
FN:296,fetchGeminiResponse
FN:298,generateDummyResponse
FN:375,(anonymous_5)
FN:376,(anonymous_6)
FN:413,getChatResponse
FN:468,(anonymous_8)
FNF:9
FNH:0
FNDA:0,getGeminiApiKey
FNDA:0,preparePrompt
FNDA:0,getGeminiAdvice
FNDA:0,fetchGeminiResponse
FNDA:0,generateDummyResponse
FNDA:0,(anonymous_5)
FNDA:0,(anonymous_6)
FNDA:0,getChatResponse
FNDA:0,(anonymous_8)
DA:11,0
DA:14,0
DA:25,0
DA:26,0
DA:27,0
DA:30,0
DA:33,0
DA:34,0
DA:35,0
DA:38,0
DA:39,0
DA:44,0
DA:45,0
DA:50,0
DA:51,0
DA:57,0
DA:126,0
DA:137,0
DA:138,0
DA:140,0
DA:141,0
DA:153,0
DA:155,0
DA:156,0
DA:157,0
DA:160,0
DA:163,0
DA:164,0
DA:165,0
DA:171,0
DA:172,0
DA:173,0
DA:180,0
DA:183,0
DA:184,0
DA:187,0
DA:188,0
DA:189,0
DA:195,0
DA:196,0
DA:197,0
DA:198,0
DA:201,0
DA:202,0
DA:203,0
DA:204,0
DA:206,0
DA:208,0
DA:211,0
DA:214,0
DA:215,0
DA:218,0
DA:219,0
DA:220,0
DA:221,0
DA:224,0
DA:254,0
DA:255,0
DA:256,0
DA:257,0
DA:260,0
DA:261,0
DA:262,0
DA:263,0
DA:264,0
DA:265,0
DA:266,0
DA:268,0
DA:269,0
DA:272,0
DA:276,0
DA:277,0
DA:280,0
DA:281,0
DA:282,0
DA:283,0
DA:285,0
DA:286,0
DA:299,0
DA:301,0
DA:302,0
DA:303,0
DA:304,0
DA:306,0
DA:308,0
DA:309,0
DA:310,0
DA:311,0
DA:313,0
DA:314,0
DA:315,0
DA:316,0
DA:318,0
DA:322,0
DA:352,0
DA:353,0
DA:354,0
DA:361,0
DA:362,0
DA:364,0
DA:366,0
DA:375,0
DA:376,0
DA:380,0
DA:381,0
DA:382,0
DA:384,0
DA:386,0
DA:388,0
DA:392,0
DA:393,0
DA:394,0
DA:397,0
DA:398,0
DA:401,0
DA:403,0
DA:414,0
DA:416,0
DA:417,0
DA:420,0
DA:421,0
DA:422,0
DA:429,0
DA:430,0
DA:446,0
DA:447,0
DA:448,0
DA:449,0
DA:450,0
DA:451,0
DA:465,0
DA:466,0
DA:468,0
DA:475,0
DA:480,0
DA:481,0
DA:482,0
DA:483,0
DA:485,0
DA:487,0
DA:490,0
DA:491,0
DA:492,0
DA:493,0
DA:494,0
DA:495,0
DA:496,0
DA:497,0
DA:498,0
DA:501,0
DA:506,0
DA:507,0
DA:512,0
DA:518,0
DA:519,0
DA:527,0
LF:156
LH:0
BRDA:25,0,0,0
BRDA:25,0,1,0
BRDA:25,1,0,0
BRDA:25,1,1,0
BRDA:38,2,0,0
BRDA:38,2,1,0
BRDA:39,3,0,0
BRDA:39,3,1,0
BRDA:44,4,0,0
BRDA:44,4,1,0
BRDA:45,5,0,0
BRDA:45,5,1,0
BRDA:50,6,0,0
BRDA:50,6,1,0
BRDA:51,7,0,0
BRDA:51,7,1,0
BRDA:118,8,0,0
BRDA:118,8,1,0
BRDA:119,9,0,0
BRDA:119,9,1,0
BRDA:127,10,0,0
BRDA:127,10,1,0
BRDA:128,11,0,0
BRDA:128,11,1,0
BRDA:129,12,0,0
BRDA:129,12,1,0
BRDA:133,13,0,0
BRDA:133,13,1,0
BRDA:134,14,0,0
BRDA:134,14,1,0
BRDA:153,15,0,0
BRDA:153,15,1,0
BRDA:155,16,0,0
BRDA:155,16,1,0
BRDA:163,17,0,0
BRDA:163,17,1,0
BRDA:163,18,0,0
BRDA:163,18,1,0
BRDA:171,19,0,0
BRDA:171,19,1,0
BRDA:171,20,0,0
BRDA:171,20,1,0
BRDA:187,21,0,0
BRDA:187,21,1,0
BRDA:196,22,0,0
BRDA:196,22,1,0
BRDA:204,23,0,0
BRDA:204,23,1,0
BRDA:206,24,0,0
BRDA:206,24,1,0
BRDA:206,25,0,0
BRDA:206,25,1,0
BRDA:211,26,0,0
BRDA:211,26,1,0
BRDA:211,27,0,0
BRDA:211,27,1,0
BRDA:211,27,2,0
BRDA:218,28,0,0
BRDA:218,28,1,0
BRDA:218,29,0,0
BRDA:218,29,1,0
BRDA:219,30,0,0
BRDA:219,30,1,0
BRDA:219,31,0,0
BRDA:219,31,1,0
BRDA:220,32,0,0
BRDA:220,32,1,0
BRDA:220,33,0,0
BRDA:220,33,1,0
BRDA:221,34,0,0
BRDA:221,34,1,0
BRDA:262,35,0,0
BRDA:262,35,1,0
BRDA:262,36,0,0
BRDA:262,36,1,0
BRDA:282,37,0,0
BRDA:282,37,1,0
BRDA:286,38,0,0
BRDA:286,38,1,0
BRDA:313,39,0,0
BRDA:313,39,1,0
BRDA:313,40,0,0
BRDA:313,40,1,0
BRDA:314,41,0,0
BRDA:314,41,1,0
BRDA:314,42,0,0
BRDA:314,42,1,0
BRDA:315,43,0,0
BRDA:315,43,1,0
BRDA:315,44,0,0
BRDA:315,44,1,0
BRDA:316,45,0,0
BRDA:316,45,1,0
BRDA:316,46,0,0
BRDA:316,46,1,0
BRDA:352,47,0,0
BRDA:352,47,1,0
BRDA:384,48,0,0
BRDA:384,48,1,0
BRDA:392,49,0,0
BRDA:392,49,1,0
BRDA:392,50,0,0
BRDA:392,50,1,0
BRDA:420,51,0,0
BRDA:420,51,1,0
BRDA:429,52,0,0
BRDA:429,52,1,0
BRDA:433,53,0,0
BRDA:433,53,1,0
BRDA:436,54,0,0
BRDA:436,54,1,0
BRDA:439,55,0,0
BRDA:439,55,1,0
BRDA:439,56,0,0
BRDA:439,56,1,0
BRDA:446,57,0,0
BRDA:446,57,1,0
BRDA:446,58,0,0
BRDA:446,58,1,0
BRDA:449,59,0,0
BRDA:449,59,1,0
BRDA:450,60,0,0
BRDA:450,60,1,0
BRDA:453,61,0,0
BRDA:453,61,1,0
BRDA:454,62,0,0
BRDA:454,62,1,0
BRDA:455,63,0,0
BRDA:455,63,1,0
BRDA:456,64,0,0
BRDA:456,64,1,0
BRDA:456,65,0,0
BRDA:456,65,1,0
BRDA:457,66,0,0
BRDA:457,66,1,0
BRDA:457,67,0,0
BRDA:457,67,1,0
BRDA:458,68,0,0
BRDA:458,68,1,0
BRDA:458,69,0,0
BRDA:458,69,1,0
BRDA:459,70,0,0
BRDA:459,70,1,0
BRDA:460,71,0,0
BRDA:460,71,1,0
BRDA:465,72,0,0
BRDA:465,72,1,0
BRDA:485,73,0,0
BRDA:485,73,1,0
BRDA:485,74,0,0
BRDA:485,74,1,0
BRDA:490,75,0,0
BRDA:490,75,1,0
BRDA:490,76,0,0
BRDA:490,76,1,0
BRDA:493,77,0,0
BRDA:493,77,1,0
BRDA:496,78,0,0
BRDA:496,78,1,0
BRF:159
BRH:0
end_of_record
TN:
SF:js/main.js
FN:5,(anonymous_0)
FN:14,(anonymous_1)
FN:21,initializeSampleDataIfNeeded
FN:57,initializeApp
FN:78,(anonymous_4)
FN:101,(anonymous_5)
FN:110,(anonymous_6)
FN:145,(anonymous_7)
FNF:8
FNH:0
FNDA:0,(anonymous_0)
FNDA:0,(anonymous_1)
FNDA:0,initializeSampleDataIfNeeded
FNDA:0,initializeApp
FNDA:0,(anonymous_4)
FNDA:0,(anonymous_5)
FNDA:0,(anonymous_6)
FNDA:0,(anonymous_7)
DA:2,0
DA:5,0
DA:7,0
DA:11,0
DA:14,0
DA:16,0
DA:17,0
DA:22,0
DA:24,0
DA:25,0
DA:26,0
DA:29,0
DA:30,0
DA:31,0
DA:32,0
DA:35,0
DA:36,0
DA:38,0
DA:39,0
DA:41,0
DA:42,0
DA:45,0
DA:47,0
DA:52,0
DA:59,0
DA:66,0
DA:69,0
DA:70,0
DA:74,0
DA:75,0
DA:78,0
DA:79,0
DA:83,0
DA:85,0
DA:86,0
DA:91,0
DA:92,0
DA:93,0
DA:96,0
DA:97,0
DA:99,0
DA:101,0
DA:102,0
DA:103,0
DA:108,0
DA:109,0
DA:110,0
DA:112,0
DA:113,0
DA:115,0
DA:116,0
DA:117,0
DA:118,0
DA:119,0
DA:125,0
DA:126,0
DA:127,0
DA:130,0
DA:134,0
DA:135,0
DA:139,0
DA:140,0
DA:141,0
DA:145,0
DA:146,0
DA:147,0
LF:66
LH:0
BRDA:2,0,0,0
BRDA:2,0,1,0
BRDA:24,1,0,0
BRDA:24,1,1,0
BRDA:29,2,0,0
BRDA:29,2,1,0
BRDA:31,3,0,0
BRDA:31,3,1,0
BRDA:35,4,0,0
BRDA:35,4,1,0
BRDA:38,5,0,0
BRDA:38,5,1,0
BRDA:41,6,0,0
BRDA:41,6,1,0
BRDA:69,7,0,0
BRDA:69,7,1,0
BRDA:85,8,0,0
BRDA:85,8,1,0
BRDA:91,9,0,0
BRDA:91,9,1,0
BRDA:91,10,0,0
BRDA:91,10,1,0
BRDA:97,11,0,0
BRDA:97,11,1,0
BRDA:109,12,0,0
BRDA:109,12,1,0
BRDA:117,13,0,0
BRDA:117,13,1,0
BRDA:126,14,0,0
BRDA:126,14,1,0
BRDA:134,15,0,0
BRDA:134,15,1,0
BRDA:134,16,0,0
BRDA:134,16,1,0
BRDA:139,17,0,0
BRDA:139,17,1,0
BRDA:139,18,0,0
BRDA:139,18,1,0
BRDA:146,19,0,0
BRDA:146,19,1,0
BRDA:146,20,0,0
BRDA:146,20,1,0
BRF:42
BRH:0
end_of_record
TN:
SF:js/map.js
FN:35,initializeMap
FN:97,initializeDrawingLayer
FN:131,setupDrawingEventListeners
FN:138,handleDrawingCreated
FN:160,handleDrawingEdited
FN:162,(anonymous_5)
FN:175,handleDrawingDeleted
FN:183,clearDrawing
FN:207,updateMapCenter
FN:212,displayGeoJSON
FN:259,loadSavedFields
FN:280,(anonymous_11)
FN:329,escapeHtml
FN:340,clearVegetationLayers
FN:342,(anonymous_14)
FN:355,addNdviLayer
FN:373,toggleVegetationLayer
FN:375,(anonymous_17)
FN:398,initializeLayerToggleButtons
FN:404,(anonymous_19)
FN:410,(anonymous_20)
FN:416,(anonymous_21)
FN:423,displayMultipleFields
FN:445,(anonymous_23)
FN:482,runAnalysis
FN:510,showMapLoading
FN:516,hideMapLoading
FNF:27
FNH:0
FNDA:0,initializeMap
FNDA:0,initializeDrawingLayer
FNDA:0,setupDrawingEventListeners
FNDA:0,handleDrawingCreated
FNDA:0,handleDrawingEdited
FNDA:0,(anonymous_5)
FNDA:0,handleDrawingDeleted
FNDA:0,clearDrawing
FNDA:0,updateMapCenter
FNDA:0,displayGeoJSON
FNDA:0,loadSavedFields
FNDA:0,(anonymous_11)
FNDA:0,escapeHtml
FNDA:0,clearVegetationLayers
FNDA:0,(anonymous_14)
FNDA:0,addNdviLayer
FNDA:0,toggleVegetationLayer
FNDA:0,(anonymous_17)
FNDA:0,initializeLayerToggleButtons
FNDA:0,(anonymous_19)
FNDA:0,(anonymous_20)
FNDA:0,(anonymous_21)
FNDA:0,displayMultipleFields
FNDA:0,(anonymous_23)
FNDA:0,runAnalysis
FNDA:0,showMapLoading
FNDA:0,hideMapLoading
DA:4,0
DA:5,0
DA:6,0
DA:7,0
DA:8,0
DA:9,0
DA:10,0
DA:11,0
DA:14,0
DA:21,0
DA:22,0
DA:23,0
DA:24,0
DA:25,0
DA:26,0
DA:29,0
DA:37,0
DA:38,0
DA:39,0
DA:42,0
DA:48,0
DA:52,0
DA:57,0
DA:63,0
DA:66,0
DA:67,0
DA:72,0
DA:75,0
DA:78,0
DA:79,0
DA:85,0
DA:88,0
DA:91,0
DA:93,0
DA:98,0
DA:99,0
DA:101,0
DA:124,0
DA:127,0
DA:132,0
DA:133,0
DA:134,0
DA:139,0
DA:140,0
DA:141,0
DA:142,0
DA:143,0
DA:146,0
DA:147,0
DA:148,0
DA:150,0
DA:151,0
DA:154,0
DA:161,0
DA:162,0
DA:163,0
DA:164,0
DA:165,0
DA:169,0
DA:176,0
DA:179,0
DA:186,0
DA:187,0
DA:188,0
DA:189,0
DA:190,0
DA:193,0
DA:194,0
DA:197,0
DA:198,0
DA:199,0
DA:200,0
DA:201,0
DA:202,0
DA:208,0
DA:214,0
DA:215,0
DA:216,0
DA:221,0
DA:222,0
DA:223,0
DA:226,0
DA:228,0
DA:238,0
DA:241,0
DA:242,0
DA:245,0
DA:248,0
DA:249,0
DA:251,0
DA:253,0
DA:254,0
DA:260,0
DA:261,0
DA:262,0
DA:265,0
DA:267,0
DA:269,0
DA:270,0
DA:271,0
DA:274,0
DA:277,0
DA:280,0
DA:281,0
DA:283,0
DA:284,0
DA:294,0
DA:304,0
DA:307,0
DA:310,0
DA:315,0
DA:318,0
DA:319,0
DA:322,0
DA:324,0
DA:330,0
DA:331,0
DA:342,0
DA:343,0
DA:344,0
DA:349,0
DA:350,0
DA:351,0
DA:356,0
DA:358,0
DA:359,0
DA:365,0
DA:366,0
DA:369,0
DA:375,0
DA:376,0
DA:377,0
DA:379,0
DA:380,0
DA:384,0
DA:385,0
DA:392,0
DA:393,0
DA:399,0
DA:400,0
DA:401,0
DA:403,0
DA:404,0
DA:405,0
DA:409,0
DA:410,0
DA:411,0
DA:415,0
DA:416,0
DA:417,0
DA:425,0
DA:427,0
DA:428,0
DA:429,0
DA:432,0
DA:434,0
DA:436,0
DA:437,0
DA:438,0
DA:442,0
DA:445,0
DA:446,0
DA:449,0
DA:450,0
DA:452,0
DA:462,0
DA:465,0
DA:469,0
DA:470,0
DA:474,0
DA:476,0
DA:477,0
DA:483,0
DA:485,0
DA:486,0
DA:487,0
DA:490,0
DA:491,0
DA:495,0
DA:496,0
DA:497,0
DA:498,0
DA:502,0
DA:505,0
DA:507,0
DA:511,0
DA:512,0
DA:517,0
DA:518,0
LF:189
LH:0
BRDA:37,0,0,0
BRDA:37,0,1,0
BRDA:148,1,0,0
BRDA:148,1,1,0
BRDA:183,2,0,0
BRDA:193,3,0,0
BRDA:193,3,1,0
BRDA:193,4,0,0
BRDA:193,4,1,0
BRDA:197,5,0,0
BRDA:197,5,1,0
BRDA:208,6,0,0
BRDA:208,6,1,0
BRDA:221,7,0,0
BRDA:221,7,1,0
BRDA:230,8,0,0
BRDA:230,8,1,0
BRDA:260,9,0,0
BRDA:260,9,1,0
BRDA:269,10,0,0
BRDA:269,10,1,0
BRDA:269,11,0,0
BRDA:269,11,1,0
BRDA:281,12,0,0
BRDA:281,12,1,0
BRDA:286,13,0,0
BRDA:286,13,1,0
BRDA:296,14,0,0
BRDA:296,14,1,0
BRDA:298,15,0,0
BRDA:298,15,1,0
BRDA:330,16,0,0
BRDA:330,16,1,0
BRDA:343,17,0,0
BRDA:343,17,1,0
BRDA:356,18,0,0
BRDA:356,18,1,0
BRDA:358,19,0,0
BRDA:358,19,1,0
BRDA:376,20,0,0
BRDA:376,20,1,0
BRDA:377,21,0,0
BRDA:377,21,1,0
BRDA:379,22,0,0
BRDA:379,22,1,0
BRDA:384,23,0,0
BRDA:384,23,1,0
BRDA:392,24,0,0
BRDA:392,24,1,0
BRDA:403,25,0,0
BRDA:403,25,1,0
BRDA:409,26,0,0
BRDA:409,26,1,0
BRDA:415,27,0,0
BRDA:415,27,1,0
BRDA:427,28,0,0
BRDA:427,28,1,0
BRDA:427,29,0,0
BRDA:427,29,1,0
BRDA:436,30,0,0
BRDA:436,30,1,0
BRDA:446,31,0,0
BRDA:446,31,1,0
BRDA:483,32,0,0
BRDA:483,32,1,0
BRDA:485,33,0,0
BRDA:485,33,1,0
BRDA:496,34,0,0
BRDA:496,34,1,0
BRDA:496,35,0,0
BRDA:496,35,1,0
BRDA:511,36,0,0
BRDA:511,36,1,0
BRDA:517,37,0,0
BRDA:517,37,1,0
BRF:75
BRH:0
end_of_record
TN:
SF:js/modal.js
FN:15,showProcessingModal
FN:27,updateProgressBar
FN:32,showCompletionModal
FN:43,showToast
FN:55,(anonymous_4)
FN:61,hideProcessingModal
FN:66,setupModalEventListeners
FN:67,(anonymous_7)
FN:73,(anonymous_8)
FN:77,(anonymous_9)
FNF:10
FNH:0
FNDA:0,showProcessingModal
FNDA:0,updateProgressBar
FNDA:0,showCompletionModal
FNDA:0,showToast
FNDA:0,(anonymous_4)
FNDA:0,hideProcessingModal
FNDA:0,setupModalEventListeners
FNDA:0,(anonymous_7)
FNDA:0,(anonymous_8)
FNDA:0,(anonymous_9)
DA:2,0
DA:3,0
DA:4,0
DA:5,0
DA:6,0
DA:7,0
DA:8,0
DA:9,0
DA:10,0
DA:11,0
DA:12,0
DA:16,0
DA:17,0
DA:18,0
DA:19,0
DA:20,0
DA:21,0
DA:22,0
DA:23,0
DA:28,0
DA:33,0
DA:34,0
DA:35,0
DA:36,0
DA:37,0
DA:38,0
DA:39,0
DA:45,0
DA:48,0
DA:49,0
DA:52,0
DA:55,0
DA:56,0
DA:62,0
DA:67,0
DA:68,0
DA:73,0
DA:74,0
DA:77,0
DA:78,0
DA:79,0
LF:41
LH:0
BRDA:15,0,0,0
BRDA:15,1,0,0
BRDA:32,2,0,0
BRDA:32,3,0,0
BRDA:43,4,0,0
BRDA:43,5,0,0
BRDA:43,6,0,0
BRDA:78,7,0,0
BRDA:78,7,1,0
BRDA:78,8,0,0
BRDA:78,8,1,0
BRF:11
BRH:0
end_of_record
TN:
SF:js/sidebar.js
FN:55,setupSidebarEventListeners
FN:61,(anonymous_1)
FN:70,(anonymous_2)
FN:77,(anonymous_3)
FN:85,(anonymous_4)
FN:116,(anonymous_5)
FN:122,(anonymous_6)
FN:129,(anonymous_7)
FN:137,(anonymous_8)
FN:146,(anonymous_9)
FN:193,(anonymous_10)
FN:205,renderDirectoriesList
FN:221,(anonymous_12)
FN:227,(anonymous_13)
FN:328,(anonymous_14)
FN:334,renderFieldsInDirectory
FN:338,(anonymous_16)
FN:361,(anonymous_17)
FN:375,(anonymous_18)
FN:474,setupDirectoryItemEventListeners
FN:476,(anonymous_20)
FN:477,(anonymous_21)
FN:488,(anonymous_22)
FN:495,(anonymous_23)
FN:496,(anonymous_24)
FN:509,(anonymous_25)
FN:513,(anonymous_26)
FN:519,(anonymous_27)
FN:520,(anonymous_28)
FN:528,(anonymous_29)
FN:529,(anonymous_30)
FN:541,(anonymous_31)
FN:542,(anonymous_32)
FN:550,(anonymous_33)
FN:551,(anonymous_34)
FN:559,(anonymous_35)
FN:561,(anonymous_36)
FN:574,(anonymous_37)
FN:592,startDirectoryEdit
FN:598,activateDirectory
FN:609,handleDirectoryDragStart
FN:623,handleDirectoryDragOver
FN:635,handleDirectoryDragLeave
FN:642,handleDirectoryDragEnd
FN:644,(anonymous_44)
FN:653,handleDirectoryDrop
FN:683,renderFieldsList
FN:697,setupFieldItemEventListeners
FN:699,(anonymous_48)
FN:700,(anonymous_49)
FN:712,(anonymous_50)
FN:724,(anonymous_51)
FN:725,(anonymous_52)
FN:732,(anonymous_53)
FN:736,(anonymous_54)
FN:746,(anonymous_55)
FN:756,(anonymous_56)
FN:766,(anonymous_57)
FN:776,(anonymous_58)
FN:786,(anonymous_59)
FN:794,(anonymous_60)
FN:805,(anonymous_61)
FN:812,(anonymous_62)
FN:814,(anonymous_63)
FN:820,(anonymous_64)
FN:827,(anonymous_65)
FN:835,(anonymous_66)
FN:839,(anonymous_67)
FN:861,displayField
FN:887,analyzeField
FN:903,updateMultiSelectionPanel
FN:915,clearFieldSelection
FN:922,selectAllFields
FN:930,(anonymous_73)
FN:940,compareSelectedFields
FN:954,batchAnalyzeSelectedFields
FN:968,saveNewField
FN:1042,showNewFieldForm
FN:1071,hideNewFieldForm
FN:1093,showNewDirectoryForm
FN:1103,hideNewDirectoryForm
FN:1117,showEditDirectoryForm
FN:1134,hideEditDirectoryForm
FN:1143,(anonymous_83)
FN:1150,showEditFieldForm
FN:1156,saveEditField
FN:1201,deleteFieldConfirm
FN:1225,(anonymous_87)
FN:1238,displayFieldOnMap
FN:1248,updateSortOrderIcon
FN:1257,updateViewModeIcon
FN:1266,updateDrawingStatus
FN:1279,getHealthStatusClass
FN:1298,escapeHtml
FN:1309,debounce
FN:1311,executedFunction
FN:1312,(anonymous_96)
FN:1323,(anonymous_97)
FN:1339,updateDirectorySelect
FN:1349,(anonymous_99)
FN:1363,saveNewDirectoryHandler
FN:1403,showInlineEditFieldForm
FN:1426,hideInlineEditFieldForm
FN:1433,(anonymous_103)
FN:1440,hideAllEditForms
FN:1453,saveDirectoryNameInlineForm
FN:1489,deleteDirectoryConfirmInline
FN:1527,hideEditFieldForm
FN:1534,getLastAnalysisValue
FN:1551,formatAnalysisValue
FN:1570,showDirectoryEditHint
FN:1596,(anonymous_111)
FN:1602,(anonymous_112)
FN:1612,handleFieldReorder
FN:1619,(anonymous_114)
FN:1624,(anonymous_115)
FN:1629,(anonymous_116)
FN:1630,(anonymous_117)
FN:1638,(anonymous_118)
FN:1641,(anonymous_119)
FN:1642,(anonymous_120)
FN:1654,(anonymous_121)
FN:1670,saveFieldsOrder
FN:1676,(anonymous_123)
FN:1677,(anonymous_124)
FN:1695,initializeFieldsOrder
FN:1703,(anonymous_126)
FN:1713,(anonymous_127)
FN:1715,(anonymous_128)
FN:1718,(anonymous_129)
FN:1722,(anonymous_130)
FN:1746,deleteFieldInline
FN:1772,(anonymous_132)
FN:1798,saveInlineEditField
FNF:134
FNH:0
FNDA:0,setupSidebarEventListeners
FNDA:0,(anonymous_1)
FNDA:0,(anonymous_2)
FNDA:0,(anonymous_3)
FNDA:0,(anonymous_4)
FNDA:0,(anonymous_5)
FNDA:0,(anonymous_6)
FNDA:0,(anonymous_7)
FNDA:0,(anonymous_8)
FNDA:0,(anonymous_9)
FNDA:0,(anonymous_10)
FNDA:0,renderDirectoriesList
FNDA:0,(anonymous_12)
FNDA:0,(anonymous_13)
FNDA:0,(anonymous_14)
FNDA:0,renderFieldsInDirectory
FNDA:0,(anonymous_16)
FNDA:0,(anonymous_17)
FNDA:0,(anonymous_18)
FNDA:0,setupDirectoryItemEventListeners
FNDA:0,(anonymous_20)
FNDA:0,(anonymous_21)
FNDA:0,(anonymous_22)
FNDA:0,(anonymous_23)
FNDA:0,(anonymous_24)
FNDA:0,(anonymous_25)
FNDA:0,(anonymous_26)
FNDA:0,(anonymous_27)
FNDA:0,(anonymous_28)
FNDA:0,(anonymous_29)
FNDA:0,(anonymous_30)
FNDA:0,(anonymous_31)
FNDA:0,(anonymous_32)
FNDA:0,(anonymous_33)
FNDA:0,(anonymous_34)
FNDA:0,(anonymous_35)
FNDA:0,(anonymous_36)
FNDA:0,(anonymous_37)
FNDA:0,startDirectoryEdit
FNDA:0,activateDirectory
FNDA:0,handleDirectoryDragStart
FNDA:0,handleDirectoryDragOver
FNDA:0,handleDirectoryDragLeave
FNDA:0,handleDirectoryDragEnd
FNDA:0,(anonymous_44)
FNDA:0,handleDirectoryDrop
FNDA:0,renderFieldsList
FNDA:0,setupFieldItemEventListeners
FNDA:0,(anonymous_48)
FNDA:0,(anonymous_49)
FNDA:0,(anonymous_50)
FNDA:0,(anonymous_51)
FNDA:0,(anonymous_52)
FNDA:0,(anonymous_53)
FNDA:0,(anonymous_54)
FNDA:0,(anonymous_55)
FNDA:0,(anonymous_56)
FNDA:0,(anonymous_57)
FNDA:0,(anonymous_58)
FNDA:0,(anonymous_59)
FNDA:0,(anonymous_60)
FNDA:0,(anonymous_61)
FNDA:0,(anonymous_62)
FNDA:0,(anonymous_63)
FNDA:0,(anonymous_64)
FNDA:0,(anonymous_65)
FNDA:0,(anonymous_66)
FNDA:0,(anonymous_67)
FNDA:0,displayField
FNDA:0,analyzeField
FNDA:0,updateMultiSelectionPanel
FNDA:0,clearFieldSelection
FNDA:0,selectAllFields
FNDA:0,(anonymous_73)
FNDA:0,compareSelectedFields
FNDA:0,batchAnalyzeSelectedFields
FNDA:0,saveNewField
FNDA:0,showNewFieldForm
FNDA:0,hideNewFieldForm
FNDA:0,showNewDirectoryForm
FNDA:0,hideNewDirectoryForm
FNDA:0,showEditDirectoryForm
FNDA:0,hideEditDirectoryForm
FNDA:0,(anonymous_83)
FNDA:0,showEditFieldForm
FNDA:0,saveEditField
FNDA:0,deleteFieldConfirm
FNDA:0,(anonymous_87)
FNDA:0,displayFieldOnMap
FNDA:0,updateSortOrderIcon
FNDA:0,updateViewModeIcon
FNDA:0,updateDrawingStatus
FNDA:0,getHealthStatusClass
FNDA:0,escapeHtml
FNDA:0,debounce
FNDA:0,executedFunction
FNDA:0,(anonymous_96)
FNDA:0,(anonymous_97)
FNDA:0,updateDirectorySelect
FNDA:0,(anonymous_99)
FNDA:0,saveNewDirectoryHandler
FNDA:0,showInlineEditFieldForm
FNDA:0,hideInlineEditFieldForm
FNDA:0,(anonymous_103)
FNDA:0,hideAllEditForms
FNDA:0,saveDirectoryNameInlineForm
FNDA:0,deleteDirectoryConfirmInline
FNDA:0,hideEditFieldForm
FNDA:0,getLastAnalysisValue
FNDA:0,formatAnalysisValue
FNDA:0,showDirectoryEditHint
FNDA:0,(anonymous_111)
FNDA:0,(anonymous_112)
FNDA:0,handleFieldReorder
FNDA:0,(anonymous_114)
FNDA:0,(anonymous_115)
FNDA:0,(anonymous_116)
FNDA:0,(anonymous_117)
FNDA:0,(anonymous_118)
FNDA:0,(anonymous_119)
FNDA:0,(anonymous_120)
FNDA:0,(anonymous_121)
FNDA:0,saveFieldsOrder
FNDA:0,(anonymous_123)
FNDA:0,(anonymous_124)
FNDA:0,initializeFieldsOrder
FNDA:0,(anonymous_126)
FNDA:0,(anonymous_127)
FNDA:0,(anonymous_128)
FNDA:0,(anonymous_129)
FNDA:0,(anonymous_130)
FNDA:0,deleteFieldInline
FNDA:0,(anonymous_132)
FNDA:0,saveInlineEditField
DA:2,0
DA:3,0
DA:4,0
DA:5,0
DA:6,0
DA:7,0
DA:8,0
DA:9,0
DA:10,0
DA:11,0
DA:12,0
DA:13,0
DA:14,0
DA:15,0
DA:16,0
DA:17,0
DA:18,0
DA:19,0
DA:20,0
DA:21,0
DA:22,0
DA:23,0
DA:24,0
DA:25,0
DA:26,0
DA:27,0
DA:28,0
DA:29,0
DA:30,0
DA:31,0
DA:32,0
DA:33,0
DA:34,0
DA:35,0
DA:36,0
DA:37,0
DA:38,0
DA:39,0
DA:40,0
DA:41,0
DA:42,0
DA:43,0
DA:44,0
DA:47,0
DA:48,0
DA:49,0
DA:50,0
DA:51,0
DA:52,0
DA:57,0
DA:60,0
DA:61,0
DA:62,0
DA:63,0
DA:64,0
DA:69,0
DA:70,0
DA:71,0
DA:72,0
DA:77,0
DA:78,0
DA:79,0
DA:80,0
DA:85,0
DA:86,0
DA:87,0
DA:88,0
DA:90,0
DA:91,0
DA:92,0
DA:96,0
DA:97,0
DA:100,0
DA:101,0
DA:105,0
DA:106,0
DA:110,0
DA:111,0
DA:115,0
DA:116,0
DA:117,0
DA:121,0
DA:122,0
DA:123,0
DA:128,0
DA:129,0
DA:130,0
DA:131,0
DA:136,0
DA:137,0
DA:138,0
DA:139,0
DA:140,0
DA:145,0
DA:146,0
DA:147,0
DA:148,0
DA:149,0
DA:154,0
DA:155,0
DA:158,0
DA:159,0
DA:160,0
DA:163,0
DA:164,0
DA:167,0
DA:168,0
DA:172,0
DA:173,0
DA:176,0
DA:177,0
DA:180,0
DA:181,0
DA:185,0
DA:186,0
DA:189,0
DA:192,0
DA:193,0
DA:194,0
DA:199,0
DA:200,0
DA:206,0
DA:209,0
DA:212,0
DA:215,0
DA:218,0
DA:221,0
DA:222,0
DA:223,0
DA:224,0
DA:227,0
DA:228,0
DA:229,0
DA:231,0
DA:319,0
DA:322,0
DA:325,0
DA:328,0
DA:329,0
DA:336,0
DA:337,0
DA:338,0
DA:339,0
DA:345,0
DA:348,0
DA:358,0
DA:359,0
DA:361,0
DA:365,0
DA:366,0
DA:371,0
DA:375,0
DA:376,0
DA:377,0
DA:379,0
DA:380,0
DA:384,0
DA:470,0
DA:476,0
DA:477,0
DA:478,0
DA:480,0
DA:481,0
DA:484,0
DA:486,0
DA:488,0
DA:489,0
DA:490,0
DA:495,0
DA:496,0
DA:501,0
DA:504,0
DA:509,0
DA:510,0
DA:513,0
DA:514,0
DA:519,0
DA:520,0
DA:521,0
DA:522,0
DA:523,0
DA:528,0
DA:529,0
DA:530,0
DA:531,0
DA:532,0
DA:533,0
DA:534,0
DA:536,0
DA:541,0
DA:542,0
DA:543,0
DA:544,0
DA:545,0
DA:550,0
DA:551,0
DA:552,0
DA:553,0
DA:554,0
DA:559,0
DA:561,0
DA:563,0
DA:565,0
DA:567,0
DA:568,0
DA:572,0
DA:573,0
DA:574,0
DA:575,0
DA:576,0
DA:577,0
DA:578,0
DA:583,0
DA:584,0
DA:585,0
DA:586,0
DA:587,0
DA:594,0
DA:599,0
DA:600,0
DA:601,0
DA:605,0
DA:606,0
DA:611,0
DA:612,0
DA:613,0
DA:616,0
DA:617,0
DA:618,0
DA:619,0
DA:624,0
DA:626,0
DA:628,0
DA:631,0
DA:636,0
DA:637,0
DA:643,0
DA:644,0
DA:645,0
DA:646,0
DA:649,0
DA:654,0
DA:655,0
DA:657,0
DA:660,0
DA:661,0
DA:662,0
DA:663,0
DA:664,0
DA:666,0
DA:668,0
DA:669,0
DA:673,0
DA:674,0
DA:678,0
DA:679,0
DA:684,0
DA:687,0
DA:690,0
DA:693,0
DA:699,0
DA:700,0
DA:701,0
DA:702,0
DA:703,0
DA:705,0
DA:707,0
DA:708,0
DA:712,0
DA:716,0
DA:719,0
DA:724,0
DA:725,0
DA:726,0
DA:727,0
DA:732,0
DA:734,0
DA:735,0
DA:736,0
DA:737,0
DA:738,0
DA:739,0
DA:744,0
DA:745,0
DA:746,0
DA:747,0
DA:748,0
DA:749,0
DA:754,0
DA:755,0
DA:756,0
DA:757,0
DA:758,0
DA:759,0
DA:764,0
DA:765,0
DA:766,0
DA:767,0
DA:768,0
DA:769,0
DA:774,0
DA:775,0
DA:776,0
DA:777,0
DA:778,0
DA:779,0
DA:784,0
DA:785,0
DA:786,0
DA:787,0
DA:788,0
DA:789,0
DA:794,0
DA:796,0
DA:797,0
DA:798,0
DA:803,0
DA:805,0
DA:806,0
DA:807,0
DA:808,0
DA:809,0
DA:812,0
DA:813,0
DA:814,0
DA:815,0
DA:816,0
DA:820,0
DA:821,0
DA:823,0
DA:827,0
DA:828,0
DA:830,0
DA:831,0
DA:835,0
DA:836,0
DA:839,0
DA:840,0
DA:841,0
DA:842,0
DA:844,0
DA:845,0
DA:846,0
DA:848,0
DA:853,0
DA:854,0
DA:855,0
DA:862,0
DA:863,0
DA:866,0
DA:869,0
DA:872,0
DA:873,0
DA:877,0
DA:880,0
DA:881,0
DA:882,0
DA:888,0
DA:889,0
DA:892,0
DA:895,0
DA:896,0
DA:898,0
DA:904,0
DA:906,0
DA:907,0
DA:908,0
DA:910,0
DA:916,0
DA:917,0
DA:918,0
DA:924,0
DA:927,0
DA:930,0
DA:931,0
DA:935,0
DA:936,0
DA:941,0
DA:942,0
DA:943,0
DA:946,0
DA:947,0
DA:950,0
DA:955,0
DA:956,0
DA:957,0
DA:960,0
DA:961,0
DA:964,0
DA:969,0
DA:970,0
DA:971,0
DA:972,0
DA:975,0
DA:976,0
DA:977,0
DA:978,0
DA:982,0
DA:983,0
DA:984,0
DA:987,0
DA:989,0
DA:992,0
DA:995,0
DA:1005,0
DA:1008,0
DA:1009,0
DA:1012,0
DA:1016,0
DA:1019,0
DA:1020,0
DA:1024,0
DA:1025,0
DA:1028,0
DA:1031,0
DA:1033,0
DA:1034,0
DA:1036,0
DA:1037,0
DA:1043,0
DA:1046,0
DA:1048,0
DA:1050,0
DA:1051,0
DA:1052,0
DA:1056,0
DA:1057,0
DA:1059,0
DA:1062,0
DA:1063,0
DA:1066,0
DA:1073,0
DA:1074,0
DA:1075,0
DA:1078,0
DA:1079,0
DA:1080,0
DA:1082,0
DA:1083,0
DA:1084,0
DA:1086,0
DA:1088,0
DA:1094,0
DA:1096,0
DA:1097,0
DA:1098,0
DA:1104,0
DA:1105,0
DA:1106,0
DA:1109,0
DA:1110,0
DA:1111,0
DA:1119,0
DA:1122,0
DA:1123,0
DA:1124,0
DA:1125,0
DA:1126,0
DA:1127,0
DA:1128,0
DA:1135,0
DA:1137,0
DA:1138,0
DA:1139,0
DA:1143,0
DA:1144,0
DA:1152,0
DA:1157,0
DA:1160,0
DA:1161,0
DA:1162,0
DA:1163,0
DA:1166,0
DA:1168,0
DA:1175,0
DA:1178,0
DA:1181,0
DA:1182,0
DA:1184,0
DA:1188,0
DA:1189,0
DA:1193,0
DA:1195,0
DA:1196,0
DA:1202,0
DA:1204,0
DA:1205,0
DA:1207,0
DA:1209,0
DA:1212,0
DA:1213,0
DA:1214,0
DA:1215,0
DA:1217,0
DA:1221,0
DA:1222,0
DA:1225,0
DA:1226,0
DA:1229,0
DA:1231,0
DA:1232,0
DA:1240,0
DA:1241,0
DA:1243,0
DA:1249,0
DA:1250,0
DA:1258,0
DA:1259,0
DA:1267,0
DA:1269,0
DA:1270,0
DA:1271,0
DA:1273,0
DA:1274,0
DA:1281,0
DA:1282,0
DA:1286,0
DA:1288,0
DA:1289,0
DA:1290,0
DA:1291,0
DA:1293,0
DA:1299,0
DA:1300,0
DA:1311,0
DA:1312,0
DA:1313,0
DA:1314,0
DA:1317,0
DA:1318,0
DA:1323,0
DA:1325,0
DA:1328,0
DA:1331,0
DA:1334,0
DA:1335,0
DA:1340,0
DA:1342,0
DA:1343,0
DA:1346,0
DA:1349,0
DA:1350,0
DA:1351,0
DA:1352,0
DA:1353,0
DA:1357,0
DA:1358,0
DA:1364,0
DA:1365,0
DA:1366,0
DA:1367,0
DA:1371,0
DA:1372,0
DA:1373,0
DA:1374,0
DA:1375,0
DA:1378,0
DA:1380,0
DA:1385,0
DA:1388,0
DA:1389,0
DA:1392,0
DA:1395,0
DA:1397,0
DA:1398,0
DA:1405,0
DA:1408,0
DA:1409,0
DA:1410,0
DA:1411,0
DA:1412,0
DA:1413,0
DA:1414,0
DA:1418,0
DA:1419,0
DA:1420,0
DA:1427,0
DA:1428,0
DA:1429,0
DA:1430,0
DA:1433,0
DA:1434,0
DA:1442,0
DA:1444,0
DA:1446,0
DA:1448,0
DA:1449,0
DA:1454,0
DA:1455,0
DA:1457,0
DA:1458,0
DA:1460,0
DA:1461,0
DA:1464,0
DA:1465,0
DA:1466,0
DA:1469,0
DA:1471,0
DA:1477,0
DA:1478,0
DA:1481,0
DA:1483,0
DA:1484,0
DA:1491,0
DA:1492,0
DA:1493,0
DA:1494,0
DA:1497,0
DA:1498,0
DA:1500,0
DA:1502,0
DA:1505,0
DA:1507,0
DA:1508,0
DA:1509,0
DA:1514,0
DA:1515,0
DA:1518,0
DA:1520,0
DA:1521,0
DA:1528,0
DA:1529,0
DA:1535,0
DA:1538,0
DA:1539,0
DA:1543,0
DA:1544,0
DA:1547,0
DA:1552,0
DA:1555,0
DA:1557,0
DA:1558,0
DA:1562,0
DA:1563,0
DA:1566,0
DA:1572,0
DA:1573,0
DA:1576,0
DA:1577,0
DA:1579,0
DA:1580,0
DA:1581,0
DA:1582,0
DA:1593,0
DA:1596,0
DA:1597,0
DA:1598,0
DA:1602,0
DA:1603,0
DA:1604,0
DA:1605,0
DA:1613,0
DA:1614,0
DA:1617,0
DA:1618,0
DA:1619,0
DA:1621,0
DA:1624,0
DA:1625,0
DA:1629,0
DA:1630,0
DA:1632,0
DA:1633,0
DA:1634,0
DA:1638,0
DA:1641,0
DA:1642,0
DA:1644,0
DA:1645,0
DA:1646,0
DA:1650,0
DA:1651,0
DA:1654,0
DA:1655,0
DA:1659,0
DA:1662,0
DA:1665,0
DA:1671,0
DA:1673,0
DA:1676,0
DA:1677,0
DA:1678,0
DA:1679,0
DA:1681,0
DA:1686,0
DA:1687,0
DA:1690,0
DA:1696,0
DA:1698,0
DA:1699,0
DA:1702,0
DA:1703,0
DA:1704,0
DA:1705,0
DA:1707,0
DA:1710,0
DA:1713,0
DA:1715,0
DA:1718,0
DA:1720,0
DA:1722,0
DA:1723,0
DA:1724,0
DA:1725,0
DA:1732,0
DA:1733,0
DA:1734,0
DA:1738,0
DA:1741,0
DA:1747,0
DA:1748,0
DA:1749,0
DA:1750,0
DA:1753,0
DA:1754,0
DA:1756,0
DA:1758,0
DA:1761,0
DA:1762,0
DA:1763,0
DA:1765,0
DA:1766,0
DA:1768,0
DA:1772,0
DA:1773,0
DA:1776,0
DA:1777,0
DA:1780,0
DA:1781,0
DA:1785,0
DA:1786,0
DA:1789,0
DA:1790,0
DA:1791,0
DA:1799,0
DA:1800,0
DA:1801,0
DA:1802,0
DA:1805,0
DA:1806,0
DA:1807,0
DA:1808,0
DA:1811,0
DA:1812,0
DA:1813,0
DA:1815,0
DA:1816,0
DA:1819,0
DA:1821,0
DA:1828,0
DA:1831,0
DA:1834,0
DA:1835,0
DA:1837,0
DA:1838,0
DA:1842,0
DA:1843,0
DA:1847,0
DA:1848,0
DA:1852,0
DA:1853,0
DA:1856,0
DA:1857,0
DA:1858,0
LF:764
LH:0
BRDA:60,0,0,0
BRDA:60,0,1,0
BRDA:69,1,0,0
BRDA:69,1,1,0
BRDA:78,2,0,0
BRDA:78,2,1,0
BRDA:78,3,0,0
BRDA:78,3,1,0
BRDA:78,3,2,0
BRDA:90,4,0,0
BRDA:90,4,1,0
BRDA:96,5,0,0
BRDA:96,5,1,0
BRDA:100,6,0,0
BRDA:100,6,1,0
BRDA:105,7,0,0
BRDA:105,7,1,0
BRDA:110,8,0,0
BRDA:110,8,1,0
BRDA:115,9,0,0
BRDA:115,9,1,0
BRDA:121,10,0,0
BRDA:121,10,1,0
BRDA:128,11,0,0
BRDA:128,11,1,0
BRDA:136,12,0,0
BRDA:136,12,1,0
BRDA:145,13,0,0
BRDA:145,13,1,0
BRDA:154,14,0,0
BRDA:154,14,1,0
BRDA:159,15,0,0
BRDA:159,15,1,0
BRDA:163,16,0,0
BRDA:163,16,1,0
BRDA:167,17,0,0
BRDA:167,17,1,0
BRDA:172,18,0,0
BRDA:172,18,1,0
BRDA:176,19,0,0
BRDA:176,19,1,0
BRDA:180,20,0,0
BRDA:180,20,1,0
BRDA:192,21,0,0
BRDA:192,21,1,0
BRDA:199,22,0,0
BRDA:199,22,1,0
BRDA:206,23,0,0
BRDA:206,23,1,0
BRDA:215,24,0,0
BRDA:215,24,1,0
BRDA:228,25,0,0
BRDA:228,25,1,0
BRDA:229,26,0,0
BRDA:229,26,1,0
BRDA:233,27,0,0
BRDA:233,27,1,0
BRDA:238,28,0,0
BRDA:238,28,1,0
BRDA:243,29,0,0
BRDA:243,29,1,0
BRDA:244,30,0,0
BRDA:244,30,1,0
BRDA:246,31,0,0
BRDA:246,31,1,0
BRDA:246,32,0,0
BRDA:246,32,1,0
BRDA:253,33,0,0
BRDA:253,33,1,0
BRDA:275,34,0,0
BRDA:275,34,1,0
BRDA:301,35,0,0
BRDA:301,35,1,0
BRDA:302,36,0,0
BRDA:302,36,1,0
BRDA:336,37,0,0
BRDA:336,37,1,0
BRDA:337,38,0,0
BRDA:337,38,1,0
BRDA:339,39,0,0
BRDA:339,39,1,0
BRDA:339,39,2,0
BRDA:358,40,0,0
BRDA:358,40,1,0
BRDA:358,41,0,0
BRDA:358,41,1,0
BRDA:365,42,0,0
BRDA:365,42,1,0
BRDA:368,43,0,0
BRDA:368,43,1,0
BRDA:380,44,0,0
BRDA:380,44,1,0
BRDA:386,45,0,0
BRDA:386,45,1,0
BRDA:387,46,0,0
BRDA:387,46,1,0
BRDA:393,47,0,0
BRDA:393,47,1,0
BRDA:395,48,0,0
BRDA:395,48,1,0
BRDA:400,49,0,0
BRDA:400,49,1,0
BRDA:401,50,0,0
BRDA:401,50,1,0
BRDA:406,51,0,0
BRDA:406,51,1,0
BRDA:438,52,0,0
BRDA:438,52,1,0
BRDA:443,53,0,0
BRDA:443,53,1,0
BRDA:486,54,0,0
BRDA:486,54,1,0
BRDA:489,55,0,0
BRDA:489,55,1,0
BRDA:563,56,0,0
BRDA:563,56,1,0
BRDA:563,57,0,0
BRDA:563,57,1,0
BRDA:565,58,0,0
BRDA:565,58,1,0
BRDA:573,59,0,0
BRDA:573,59,1,0
BRDA:611,60,0,0
BRDA:611,60,1,0
BRDA:626,61,0,0
BRDA:626,61,1,0
BRDA:626,62,0,0
BRDA:626,62,1,0
BRDA:626,62,2,0
BRDA:626,62,3,0
BRDA:636,63,0,0
BRDA:636,63,1,0
BRDA:645,64,0,0
BRDA:645,64,1,0
BRDA:660,65,0,0
BRDA:660,65,1,0
BRDA:673,66,0,0
BRDA:673,66,1,0
BRDA:684,67,0,0
BRDA:684,67,1,0
BRDA:705,68,0,0
BRDA:705,68,1,0
BRDA:707,69,0,0
BRDA:707,69,1,0
BRDA:735,70,0,0
BRDA:735,70,1,0
BRDA:745,71,0,0
BRDA:745,71,1,0
BRDA:755,72,0,0
BRDA:755,72,1,0
BRDA:765,73,0,0
BRDA:765,73,1,0
BRDA:775,74,0,0
BRDA:775,74,1,0
BRDA:785,75,0,0
BRDA:785,75,1,0
BRDA:796,76,0,0
BRDA:796,76,1,0
BRDA:796,77,0,0
BRDA:796,77,1,0
BRDA:796,77,2,0
BRDA:815,78,0,0
BRDA:815,78,1,0
BRDA:830,79,0,0
BRDA:830,79,1,0
BRDA:830,80,0,0
BRDA:830,80,1,0
BRDA:844,81,0,0
BRDA:844,81,1,0
BRDA:844,82,0,0
BRDA:844,82,1,0
BRDA:854,83,0,0
BRDA:854,83,1,0
BRDA:855,84,0,0
BRDA:855,84,1,0
BRDA:863,85,0,0
BRDA:863,85,1,0
BRDA:872,86,0,0
BRDA:872,86,1,0
BRDA:880,87,0,0
BRDA:880,87,1,0
BRDA:889,88,0,0
BRDA:889,88,1,0
BRDA:895,89,0,0
BRDA:895,89,1,0
BRDA:904,90,0,0
BRDA:904,90,1,0
BRDA:904,91,0,0
BRDA:904,91,1,0
BRDA:906,92,0,0
BRDA:906,92,1,0
BRDA:941,93,0,0
BRDA:941,93,1,0
BRDA:955,94,0,0
BRDA:955,94,1,0
BRDA:975,95,0,0
BRDA:975,95,1,0
BRDA:982,96,0,0
BRDA:982,96,1,0
BRDA:992,97,0,0
BRDA:992,97,1,0
BRDA:992,98,0,0
BRDA:992,98,1,0
BRDA:1008,99,0,0
BRDA:1008,99,1,0
BRDA:1019,100,0,0
BRDA:1019,100,1,0
BRDA:1048,101,0,0
BRDA:1048,101,1,0
BRDA:1051,102,0,0
BRDA:1051,102,1,0
BRDA:1057,103,0,0
BRDA:1057,103,1,0
BRDA:1057,104,0,0
BRDA:1057,104,1,0
BRDA:1074,105,0,0
BRDA:1074,105,1,0
BRDA:1082,106,0,0
BRDA:1082,106,1,0
BRDA:1083,107,0,0
BRDA:1083,107,1,0
BRDA:1084,108,0,0
BRDA:1084,108,1,0
BRDA:1096,109,0,0
BRDA:1096,109,1,0
BRDA:1104,110,0,0
BRDA:1104,110,1,0
BRDA:1110,111,0,0
BRDA:1110,111,1,0
BRDA:1123,112,0,0
BRDA:1123,112,1,0
BRDA:1126,113,0,0
BRDA:1126,113,1,0
BRDA:1135,114,0,0
BRDA:1135,114,1,0
BRDA:1138,115,0,0
BRDA:1138,115,1,0
BRDA:1157,116,0,0
BRDA:1157,116,1,0
BRDA:1160,117,0,0
BRDA:1160,117,1,0
BRDA:1181,118,0,0
BRDA:1181,118,1,0
BRDA:1188,119,0,0
BRDA:1188,119,1,0
BRDA:1188,120,0,0
BRDA:1188,120,1,0
BRDA:1202,121,0,0
BRDA:1202,121,1,0
BRDA:1204,122,0,0
BRDA:1204,122,1,0
BRDA:1212,123,0,0
BRDA:1212,123,1,0
BRDA:1214,124,0,0
BRDA:1214,124,1,0
BRDA:1240,125,0,0
BRDA:1240,125,1,0
BRDA:1249,126,0,0
BRDA:1249,126,1,0
BRDA:1250,127,0,0
BRDA:1250,127,1,0
BRDA:1258,128,0,0
BRDA:1258,128,1,0
BRDA:1259,129,0,0
BRDA:1259,129,1,0
BRDA:1267,130,0,0
BRDA:1267,130,1,0
BRDA:1267,131,0,0
BRDA:1267,131,1,0
BRDA:1269,132,0,0
BRDA:1269,132,1,0
BRDA:1281,133,0,0
BRDA:1281,133,1,0
BRDA:1281,134,0,0
BRDA:1281,134,1,0
BRDA:1281,134,2,0
BRDA:1288,135,0,0
BRDA:1288,135,1,0
BRDA:1290,136,0,0
BRDA:1290,136,1,0
BRDA:1299,137,0,0
BRDA:1299,137,1,0
BRDA:1340,138,0,0
BRDA:1340,138,1,0
BRDA:1357,139,0,0
BRDA:1357,139,1,0
BRDA:1364,140,0,0
BRDA:1364,140,1,0
BRDA:1372,141,0,0
BRDA:1372,141,1,0
BRDA:1409,142,0,0
BRDA:1409,142,1,0
BRDA:1412,143,0,0
BRDA:1412,143,1,0
BRDA:1419,144,0,0
BRDA:1419,144,1,0
BRDA:1427,145,0,0
BRDA:1427,145,1,0
BRDA:1429,146,0,0
BRDA:1429,146,1,0
BRDA:1455,147,0,0
BRDA:1455,147,1,0
BRDA:1464,148,0,0
BRDA:1464,148,1,0
BRDA:1492,149,0,0
BRDA:1492,149,1,0
BRDA:1497,150,0,0
BRDA:1497,150,1,0
BRDA:1505,151,0,0
BRDA:1505,151,1,0
BRDA:1508,152,0,0
BRDA:1508,152,1,0
BRDA:1528,153,0,0
BRDA:1528,153,1,0
BRDA:1535,154,0,0
BRDA:1535,154,1,0
BRDA:1538,155,0,0
BRDA:1538,155,1,0
BRDA:1538,156,0,0
BRDA:1538,156,1,0
BRDA:1538,156,2,0
BRDA:1543,157,0,0
BRDA:1543,157,1,0
BRDA:1543,158,0,0
BRDA:1543,158,1,0
BRDA:1552,159,0,0
BRDA:1552,159,1,0
BRDA:1555,160,0,0
BRDA:1555,160,1,0
BRDA:1555,161,0,0
BRDA:1555,161,1,0
BRDA:1555,161,2,0
BRDA:1558,162,0,0
BRDA:1558,162,1,0
BRDA:1562,163,0,0
BRDA:1562,163,1,0
BRDA:1562,164,0,0
BRDA:1562,164,1,0
BRDA:1573,165,0,0
BRDA:1573,165,1,0
BRDA:1577,166,0,0
BRDA:1577,166,1,0
BRDA:1603,167,0,0
BRDA:1603,167,1,0
BRDA:1618,168,0,0
BRDA:1618,168,1,0
BRDA:1621,169,0,0
BRDA:1621,169,1,0
BRDA:1621,170,0,0
BRDA:1621,170,1,0
BRDA:1625,171,0,0
BRDA:1625,171,1,0
BRDA:1632,172,0,0
BRDA:1632,172,1,0
BRDA:1632,173,0,0
BRDA:1632,173,1,0
BRDA:1644,174,0,0
BRDA:1644,174,1,0
BRDA:1644,175,0,0
BRDA:1644,175,1,0
BRDA:1673,176,0,0
BRDA:1673,176,1,0
BRDA:1678,177,0,0
BRDA:1678,177,1,0
BRDA:1698,178,0,0
BRDA:1698,178,1,0
BRDA:1699,179,0,0
BRDA:1699,179,1,0
BRDA:1704,180,0,0
BRDA:1704,180,1,0
BRDA:1720,181,0,0
BRDA:1720,181,1,0
BRDA:1723,182,0,0
BRDA:1723,182,1,0
BRDA:1732,183,0,0
BRDA:1732,183,1,0
BRDA:1748,184,0,0
BRDA:1748,184,1,0
BRDA:1753,185,0,0
BRDA:1753,185,1,0
BRDA:1761,186,0,0
BRDA:1761,186,1,0
BRDA:1762,187,0,0
BRDA:1762,187,1,0
BRDA:1765,188,0,0
BRDA:1765,188,1,0
BRDA:1780,189,0,0
BRDA:1780,189,1,0
BRDA:1785,190,0,0
BRDA:1785,190,1,0
BRDA:1790,191,0,0
BRDA:1790,191,1,0
BRDA:1800,192,0,0
BRDA:1800,192,1,0
BRDA:1811,193,0,0
BRDA:1811,193,1,0
BRDA:1811,194,0,0
BRDA:1811,194,1,0
BRDA:1812,195,0,0
BRDA:1812,195,1,0
BRDA:1815,196,0,0
BRDA:1815,196,1,0
BRDA:1823,197,0,0
BRDA:1823,197,1,0
BRDA:1824,198,0,0
BRDA:1824,198,1,0
BRDA:1825,199,0,0
BRDA:1825,199,1,0
BRDA:1834,200,0,0
BRDA:1834,200,1,0
BRDA:1842,201,0,0
BRDA:1842,201,1,0
BRDA:1842,202,0,0
BRDA:1842,202,1,0
BRDA:1847,203,0,0
BRDA:1847,203,1,0
BRDA:1852,204,0,0
BRDA:1852,204,1,0
BRDA:1857,205,0,0
BRDA:1857,205,1,0
BRF:420
BRH:0
end_of_record
TN:
SF:js/ui.js
FN:2,initializeUI
FN:26,(anonymous_1)
FN:68,(anonymous_2)
FN:73,(anonymous_3)
FN:80,(anonymous_4)
FN:94,showErrorNotification
FN:108,setupTabsEventListeners
FN:116,(anonymous_7)
FN:130,(anonymous_8)
FN:146,checkAuthStatus
FN:158,(anonymous_10)
FN:170,showFieldComparisonUI
FN:186,(anonymous_12)
FN:203,batchAnalyzeFields
FN:230,setupDrawingHelpModalEventListeners
FN:238,(anonymous_15)
FN:245,(anonymous_16)
FN:252,(anonymous_17)
FN:261,(anonymous_18)
FN:266,(anonymous_19)
FN:272,showDrawingHelpModal
FN:281,(anonymous_21)
FN:299,hideDrawingHelpModal
FN:314,initializeUserInterface
FNF:24
FNH:0
FNDA:0,initializeUI
FNDA:0,(anonymous_1)
FNDA:0,(anonymous_2)
FNDA:0,(anonymous_3)
FNDA:0,(anonymous_4)
FNDA:0,showErrorNotification
FNDA:0,setupTabsEventListeners
FNDA:0,(anonymous_7)
FNDA:0,(anonymous_8)
FNDA:0,checkAuthStatus
FNDA:0,(anonymous_10)
FNDA:0,showFieldComparisonUI
FNDA:0,(anonymous_12)
FNDA:0,batchAnalyzeFields
FNDA:0,setupDrawingHelpModalEventListeners
FNDA:0,(anonymous_15)
FNDA:0,(anonymous_16)
FNDA:0,(anonymous_17)
FNDA:0,(anonymous_18)
FNDA:0,(anonymous_19)
FNDA:0,showDrawingHelpModal
FNDA:0,(anonymous_21)
FNDA:0,hideDrawingHelpModal
FNDA:0,initializeUserInterface
DA:4,0
DA:7,0
DA:10,0
DA:13,0
DA:14,0
DA:18,0
DA:21,0
DA:24,0
DA:25,0
DA:26,0
DA:27,0
DA:29,0
DA:30,0
DA:31,0
DA:34,0
DA:35,0
DA:36,0
DA:37,0
DA:38,0
DA:41,0
DA:42,0
DA:47,0
DA:50,0
DA:51,0
DA:55,0
DA:57,0
DA:58,0
DA:62,0
DA:68,0
DA:69,0
DA:73,0
DA:74,0
DA:78,0
DA:79,0
DA:80,0
DA:81,0
DA:82,0
DA:83,0
DA:84,0
DA:86,0
DA:87,0
DA:96,0
DA:97,0
DA:100,0
DA:109,0
DA:110,0
DA:111,0
DA:112,0
DA:114,0
DA:116,0
DA:118,0
DA:119,0
DA:121,0
DA:122,0
DA:125,0
DA:126,0
DA:130,0
DA:132,0
DA:133,0
DA:135,0
DA:136,0
DA:139,0
DA:140,0
DA:147,0
DA:148,0
DA:149,0
DA:151,0
DA:152,0
DA:154,0
DA:155,0
DA:156,0
DA:157,0
DA:158,0
DA:159,0
DA:160,0
DA:165,0
DA:171,0
DA:172,0
DA:173,0
DA:176,0
DA:178,0
DA:180,0
DA:181,0
DA:182,0
DA:186,0
DA:188,0
DA:189,0
DA:190,0
DA:194,0
DA:197,0
DA:198,0
DA:204,0
DA:205,0
DA:206,0
DA:209,0
DA:211,0
DA:213,0
DA:214,0
DA:215,0
DA:218,0
DA:221,0
DA:222,0
DA:231,0
DA:232,0
DA:233,0
DA:234,0
DA:237,0
DA:238,0
DA:239,0
DA:244,0
DA:245,0
DA:246,0
DA:251,0
DA:252,0
DA:254,0
DA:255,0
DA:261,0
DA:262,0
DA:266,0
DA:267,0
DA:273,0
DA:274,0
DA:276,0
DA:277,0
DA:278,0
DA:281,0
DA:282,0
DA:283,0
DA:284,0
DA:287,0
DA:288,0
DA:289,0
DA:290,0
DA:292,0
DA:300,0
DA:301,0
DA:303,0
DA:304,0
DA:305,0
DA:308,0
DA:309,0
DA:315,0
LF:142
LH:0
BRDA:13,0,0,0
BRDA:13,0,1,0
BRDA:25,1,0,0
BRDA:25,1,1,0
BRDA:29,2,0,0
BRDA:29,2,1,0
BRDA:41,3,0,0
BRDA:41,3,1,0
BRDA:41,4,0,0
BRDA:41,4,1,0
BRDA:50,5,0,0
BRDA:50,5,1,0
BRDA:57,6,0,0
BRDA:57,6,1,0
BRDA:79,7,0,0
BRDA:79,7,1,0
BRDA:82,8,0,0
BRDA:82,8,1,0
BRDA:96,9,0,0
BRDA:96,9,1,0
BRDA:114,10,0,0
BRDA:114,10,1,0
BRDA:114,11,0,0
BRDA:114,11,1,0
BRDA:114,11,2,0
BRDA:114,11,3,0
BRDA:151,12,0,0
BRDA:151,12,1,0
BRDA:156,13,0,0
BRDA:156,13,1,0
BRDA:171,14,0,0
BRDA:171,14,1,0
BRDA:171,15,0,0
BRDA:171,15,1,0
BRDA:180,16,0,0
BRDA:180,16,1,0
BRDA:186,17,0,0
BRDA:186,17,1,0
BRDA:188,18,0,0
BRDA:188,18,1,0
BRDA:204,19,0,0
BRDA:204,19,1,0
BRDA:204,20,0,0
BRDA:204,20,1,0
BRDA:213,21,0,0
BRDA:213,21,1,0
BRDA:237,22,0,0
BRDA:237,22,1,0
BRDA:244,23,0,0
BRDA:244,23,1,0
BRDA:251,24,0,0
BRDA:251,24,1,0
BRDA:254,25,0,0
BRDA:254,25,1,0
BRDA:276,26,0,0
BRDA:276,26,1,0
BRDA:283,27,0,0
BRDA:283,27,1,0
BRDA:283,28,0,0
BRDA:283,28,1,0
BRDA:303,29,0,0
BRDA:303,29,1,0
BRDA:308,30,0,0
BRDA:308,30,1,0
BRF:64
BRH:0
end_of_record
TN:
SF:js/validation.js
FN:20,fetchReferenceNdviData
FN:48,(anonymous_1)
FN:49,(anonymous_2)
FN:65,fetchNaroData
FN:70,(anonymous_4)
FN:71,(anonymous_5)
FN:87,fetchCopernicusData
FN:92,(anonymous_7)
FN:93,(anonymous_8)
FN:109,getMockReferenceData
FN:160,getSeasonalFactor
FN:176,generateMockTimeSeriesData
FN:200,compareWithReference
FN:201,(anonymous_13)
FN:252,generateComparisonSummary
FN:254,(anonymous_15)
FN:270,(anonymous_16)
FN:292,displayValidationResults
FN:362,(anonymous_18)
FN:395,getStatusJapanese
FN:407,addValidationButton
FN:412,(anonymous_21)
FN:469,(anonymous_22)
FN:475,(anonymous_23)
FN:483,(anonymous_24)
FNF:25
FNH:0
FNDA:0,fetchReferenceNdviData
FNDA:0,(anonymous_1)
FNDA:0,(anonymous_2)
FNDA:0,fetchNaroData
FNDA:0,(anonymous_4)
FNDA:0,(anonymous_5)
FNDA:0,fetchCopernicusData
FNDA:0,(anonymous_7)
FNDA:0,(anonymous_8)
FNDA:0,getMockReferenceData
FNDA:0,getSeasonalFactor
FNDA:0,generateMockTimeSeriesData
FNDA:0,compareWithReference
FNDA:0,(anonymous_13)
FNDA:0,generateComparisonSummary
FNDA:0,(anonymous_15)
FNDA:0,(anonymous_16)
FNDA:0,displayValidationResults
FNDA:0,(anonymous_18)
FNDA:0,getStatusJapanese
FNDA:0,addValidationButton
FNDA:0,(anonymous_21)
FNDA:0,(anonymous_22)
FNDA:0,(anonymous_23)
FNDA:0,(anonymous_24)
DA:4,0
DA:21,0
DA:23,0
DA:25,0
DA:28,0
DA:31,0
DA:32,0
DA:36,0
DA:37,0
DA:41,0
DA:44,0
DA:47,0
DA:48,0
DA:49,0
DA:51,0
DA:52,0
DA:55,0
DA:56,0
DA:58,0
DA:60,0
DA:70,0
DA:71,0
DA:72,0
DA:92,0
DA:93,0
DA:94,0
DA:111,0
DA:112,0
DA:113,0
DA:119,0
DA:121,0
DA:122,0
DA:123,0
DA:125,0
DA:126,0
DA:127,0
DA:129,0
DA:130,0
DA:131,0
DA:133,0
DA:134,0
DA:135,0
DA:137,0
DA:138,0
DA:142,0
DA:143,0
DA:144,0
DA:146,0
DA:162,0
DA:171,0
DA:172,0
DA:177,0
DA:178,0
DA:179,0
DA:180,0
DA:182,0
DA:183,0
DA:184,0
DA:185,0
DA:187,0
DA:188,0
DA:190,0
DA:196,0
DA:201,0
DA:203,0
DA:204,0
DA:205,0
DA:206,0
DA:209,0
DA:210,0
DA:211,0
DA:212,0
DA:213,0
DA:217,0
DA:221,0
DA:222,0
DA:223,0
DA:224,0
DA:225,0
DA:226,0
DA:228,0
DA:231,0
DA:245,0
DA:254,0
DA:255,0
DA:256,0
DA:260,0
DA:261,0
DA:262,0
DA:263,0
DA:264,0
DA:265,0
DA:270,0
DA:271,0
DA:275,0
DA:276,0
DA:277,0
DA:278,0
DA:280,0
DA:283,0
DA:293,0
DA:296,0
DA:297,0
DA:298,0
DA:299,0
DA:300,0
DA:303,0
DA:304,0
DA:305,0
DA:308,0
DA:309,0
DA:310,0
DA:316,0
DA:317,0
DA:320,0
DA:329,0
DA:362,0
DA:363,0
DA:379,0
DA:390,0
DA:391,0
DA:396,0
DA:403,0
DA:408,0
DA:409,0
DA:412,0
DA:413,0
DA:416,0
DA:417,0
DA:419,0
DA:420,0
DA:421,0
DA:424,0
DA:429,0
DA:430,0
DA:431,0
DA:432,0
DA:433,0
DA:436,0
DA:437,0
DA:438,0
DA:443,0
DA:444,0
DA:445,0
DA:447,0
DA:448,0
DA:449,0
DA:450,0
DA:454,0
DA:457,0
DA:460,0
DA:463,0
DA:464,0
DA:469,0
DA:470,0
DA:475,0
DA:476,0
DA:479,0
DA:482,0
DA:483,0
DA:484,0
DA:487,0
DA:488,0
DA:491,0
DA:492,0
DA:493,0
DA:494,0
DA:496,0
DA:500,0
LF:169
LH:0
BRDA:31,0,0,0
BRDA:31,0,1,0
BRDA:36,1,0,0
BRDA:36,1,1,0
BRDA:48,2,0,0
BRDA:48,2,1,0
BRDA:51,3,0,0
BRDA:51,3,1,0
BRDA:119,4,0,0
BRDA:119,4,1,0
BRDA:119,4,2,0
BRDA:119,4,3,0
BRDA:119,4,4,0
BRDA:171,5,0,0
BRDA:171,5,1,0
BRDA:210,6,0,0
BRDA:210,6,1,0
BRDA:212,7,0,0
BRDA:212,7,1,0
BRDA:221,8,0,0
BRDA:221,8,1,0
BRDA:223,9,0,0
BRDA:223,9,1,0
BRDA:225,10,0,0
BRDA:225,10,1,0
BRDA:240,11,0,0
BRDA:240,11,1,0
BRDA:255,12,0,0
BRDA:255,12,1,0
BRDA:263,13,0,0
BRDA:263,13,1,0
BRDA:275,14,0,0
BRDA:275,14,1,0
BRDA:277,15,0,0
BRDA:277,15,1,0
BRDA:297,16,0,0
BRDA:297,16,1,0
BRDA:304,17,0,0
BRDA:304,17,1,0
BRDA:304,18,0,0
BRDA:304,18,1,0
BRDA:309,19,0,0
BRDA:309,19,1,0
BRDA:309,20,0,0
BRDA:309,20,1,0
BRDA:338,21,0,0
BRDA:338,21,1,0
BRDA:371,22,0,0
BRDA:371,22,1,0
BRDA:403,23,0,0
BRDA:403,23,1,0
BRDA:419,24,0,0
BRDA:419,24,1,0
BRDA:429,25,0,0
BRDA:429,25,1,0
BRDA:443,26,0,0
BRDA:443,26,1,0
BRDA:464,27,0,0
BRDA:464,27,1,0
BRDA:492,28,0,0
BRDA:492,28,1,0
BRF:61
BRH:0
end_of_record
TN:
SF:js/vegetation-indices.js
FN:10,calculateNDVI
FN:21,calculateNDMI
FN:32,calculateNDRE
FN:41,calculateAllIndices
FN:56,calculateIndicesStats
FN:72,evaluateIndicesHealth
FN:131,getDescriptionForNDVI
FN:144,getDescriptionForNDMI
FN:157,getDescriptionForNDRE
FN:172,generateOverallDiagnosis
FNF:10
FNH:0
FNDA:0,calculateNDVI
FNDA:0,calculateNDMI
FNDA:0,calculateNDRE
FNDA:0,calculateAllIndices
FNDA:0,calculateIndicesStats
FNDA:0,evaluateIndicesHealth
FNDA:0,getDescriptionForNDVI
FNDA:0,getDescriptionForNDMI
FNDA:0,getDescriptionForNDRE
FNDA:0,generateOverallDiagnosis
DA:11,0
DA:22,0
DA:33,0
DA:42,0
DA:43,0
DA:44,0
DA:46,0
DA:57,0
DA:74,0
DA:99,0
DA:102,0
DA:103,0
DA:104,0
DA:106,0
DA:132,0
DA:133,0
DA:134,0
DA:135,0
DA:137,0
DA:145,0
DA:146,0
DA:147,0
DA:148,0
DA:150,0
DA:158,0
DA:159,0
DA:160,0
DA:161,0
DA:163,0
DA:173,0
DA:174,0
DA:177,0
DA:178,0
DA:181,0
DA:182,0
DA:183,0
DA:184,0
DA:185,0
DA:188,0
DA:189,0
DA:190,0
DA:191,0
DA:192,0
DA:197,0
DA:200,0
DA:201,0
DA:203,0
DA:205,0
DA:208,0
DA:216,0
DA:217,0
LF:51
LH:0
BRDA:61,0,0,0
BRDA:61,0,1,0
BRDA:99,1,0,0
BRDA:99,1,1,0
BRDA:102,2,0,0
BRDA:102,2,1,0
BRDA:103,3,0,0
BRDA:103,3,1,0
BRDA:104,4,0,0
BRDA:104,4,1,0
BRDA:109,5,0,0
BRDA:109,5,1,0
BRDA:110,6,0,0
BRDA:110,6,1,0
BRDA:115,7,0,0
BRDA:115,7,1,0
BRDA:116,8,0,0
BRDA:116,8,1,0
BRDA:121,9,0,0
BRDA:121,9,1,0
BRDA:122,10,0,0
BRDA:122,10,1,0
BRDA:132,11,0,0
BRDA:132,11,1,0
BRDA:134,12,0,0
BRDA:134,12,1,0
BRDA:145,13,0,0
BRDA:145,13,1,0
BRDA:147,14,0,0
BRDA:147,14,1,0
BRDA:158,15,0,0
BRDA:158,15,1,0
BRDA:160,16,0,0
BRDA:160,16,1,0
BRDA:177,17,0,0
BRDA:177,17,1,0
BRDA:181,18,0,0
BRDA:181,18,1,0
BRDA:184,19,0,0
BRDA:184,19,1,0
BRDA:184,20,0,0
BRDA:184,20,1,0
BRDA:188,21,0,0
BRDA:188,21,1,0
BRDA:191,22,0,0
BRDA:191,22,1,0
BRDA:191,23,0,0
BRDA:191,23,1,0
BRDA:197,24,0,0
BRDA:197,24,1,0
BRDA:197,25,0,0
BRDA:197,25,1,0
BRDA:197,25,2,0
BRDA:201,26,0,0
BRDA:201,26,1,0
BRDA:201,27,0,0
BRDA:201,27,1,0
BRDA:201,27,2,0
BRDA:216,28,0,0
BRDA:216,28,1,0
BRDA:216,29,0,0
BRDA:216,29,1,0
BRF:62
BRH:0
end_of_record
